#
# There is insufficient memory for the Java Runtime Environment to continue.
# Native memory allocation (malloc) failed to allocate 44040192 bytes for committing reserved memory.
# Possible reasons:
#   The system is out of physical RAM or swap space
#   In 32 bit mode, the process size limit was hit
# Possible solutions:
#   Reduce memory load on the system
#   Increase physical memory or swap space
#   Check if swap backing store is full
#   Use 64 bit Java on a 64 bit OS
#   Decrease Java heap size (-Xmx/-Xms)
#   Decrease number of Java threads
#   Decrease Java thread stack sizes (-Xss)
#   Set larger code cache with -XX:ReservedCodeCacheSize=
# This output file may be truncated or incomplete.
#
#  Out of Memory Error (os_linux.cpp:2798), pid=8322, tid=140428994918144
#
# JRE version: OpenJDK Runtime Environment (7.0_65-b32) (build 1.7.0_65-b32)
# Java VM: OpenJDK 64-Bit Server VM (24.65-b04 mixed mode linux-amd64 compressed oops)
# Derivative: IcedTea 2.5.3
# Distribution: Ubuntu 14.04 LTS, package 7u71-2.5.3-0ubuntu0.14.04.1
# Failed to write core dump. Core dumps have been disabled. To enable core dumping, try "ulimit -c unlimited" before starting Java again
#

---------------  T H R E A D  ---------------

Current thread (0x00007fb82813c800):  VMThread [stack: 0x00007fb82c4bb000,0x00007fb82c5bc000] [id=8335]

Stack: [0x00007fb82c4bb000,0x00007fb82c5bc000],  sp=0x00007fb82c5ba490,  free space=1021k
Native frames: (J=compiled Java code, j=interpreted, Vv=VM code, C=native code)
V  [libjvm.so+0x948b05]  VMError::report_and_die()+0x175
V  [libjvm.so+0x48bc34]  report_vm_out_of_memory(char const*, int, unsigned long, char const*)+0x74
V  [libjvm.so+0x7c7bfb]  os::pd_commit_memory(char*, unsigned long, unsigned long, bool)+0xeb
V  [libjvm.so+0x7c26bf]  os::commit_memory(char*, unsigned long, unsigned long, bool)+0x1f
V  [libjvm.so+0x833e4b]  PSVirtualSpace::expand_by(unsigned long)+0x5b
V  [libjvm.so+0x834ca0]  PSYoungGen::resize_generation(unsigned long, unsigned long)+0xb0
V  [libjvm.so+0x83538b]  PSYoungGen::resize(unsigned long, unsigned long)+0x1b
V  [libjvm.so+0x831670]  PSScavenge::invoke_no_policy()+0xde0
V  [libjvm.so+0x831e48]  PSScavenge::invoke()+0x38
V  [libjvm.so+0x7e8823]  ParallelScavengeHeap::failed_mem_allocate(unsigned long)+0x63
V  [libjvm.so+0x94a504]  VM_ParallelGCFailedAllocation::doit()+0x84
V  [libjvm.so+0x94e9f7]  VM_Operation::evaluate()+0x47
V  [libjvm.so+0x94d368]  VMThread::evaluate_operation(VM_Operation*)+0x318
V  [libjvm.so+0x94d7c9]  VMThread::loop()+0x219
V  [libjvm.so+0x94dc12]  VMThread::run()+0x72
V  [libjvm.so+0x7c4ac2]  java_start(Thread*)+0xf2

VM_Operation (0x00007fb83169bd30): ParallelGCFailedAllocation, mode: safepoint, requested by thread 0x00007fb82800a000


---------------  P R O C E S S  ---------------

Java Threads: ( => current thread )
  0x00007fb828177800 JavaThread "Service Thread" daemon [_thread_blocked, id=8341, stack(0x00007fb824b35000,0x00007fb824c36000)]
  0x00007fb828175000 JavaThread "C2 CompilerThread1" daemon [_thread_blocked, id=8340, stack(0x00007fb824c36000,0x00007fb824d37000)]
  0x00007fb828172000 JavaThread "C2 CompilerThread0" daemon [_thread_blocked, id=8339, stack(0x00007fb82c0b7000,0x00007fb82c1b8000)]
  0x00007fb828170000 JavaThread "Signal Dispatcher" daemon [_thread_blocked, id=8338, stack(0x00007fb82c1b8000,0x00007fb82c2b9000)]
  0x00007fb828143000 JavaThread "Finalizer" daemon [_thread_blocked, id=8337, stack(0x00007fb82c2b9000,0x00007fb82c3ba000)]
  0x00007fb828141000 JavaThread "Reference Handler" daemon [_thread_blocked, id=8336, stack(0x00007fb82c3ba000,0x00007fb82c4bb000)]
  0x00007fb82800a000 JavaThread "main" [_thread_blocked, id=8330, stack(0x00007fb83159d000,0x00007fb83169e000)]

Other Threads:
=>0x00007fb82813c800 VMThread [stack: 0x00007fb82c4bb000,0x00007fb82c5bc000] [id=8335]
  0x00007fb828182000 WatcherThread [stack: 0x00007fb824a34000,0x00007fb824b35000] [id=8342]

VM state:at safepoint (normal execution)

VM Mutex/Monitor currently owned by a thread:  ([mutex/lock_event])
[0x00007fb828006730] Threads_lock - owner thread: 0x00007fb82813c800
[0x00007fb828006c30] Heap_lock - owner thread: 0x00007fb82800a000

Heap
 PSYoungGen      total 34304K, used 2560K [0x00000000eaa80000, 0x00000000ece80000, 0x0000000100000000)
  eden space 31744K, 0% used [0x00000000eaa80000,0x00000000eaa80000,0x00000000ec980000)
  from space 2560K, 100% used [0x00000000ec980000,0x00000000ecc00000,0x00000000ecc00000)
  to   space 2560K, 0% used [0x00000000ecc00000,0x00000000ecc00000,0x00000000ece80000)
 ParOldGen       total 40960K, used 14787K [0x00000000c0000000, 0x00000000c2800000, 0x00000000eaa80000)
  object space 40960K, 36% used [0x00000000c0000000,0x00000000c0e70f00,0x00000000c2800000)
 PSPermGen       total 21504K, used 5829K [0x00000000b5a00000, 0x00000000b6f00000, 0x00000000c0000000)
  object space 21504K, 27% used [0x00000000b5a00000,0x00000000b5fb16f0,0x00000000b6f00000)

Card table byte_map: [0x00007fb82df96000,0x00007fb82e1ea000] byte_map_base: 0x00007fb82d9e9000

Polling page: 0x00007fb8316c4000

Code Cache  [0x00007fb825000000, 0x00007fb825270000, 0x00007fb828000000)
 total_blobs=696 nmethods=468 adapters=181 free_code_cache=47088Kb largest_free_block=48147968

Compilation events (10 events):
Event: 9.412 Thread 0x00007fb828172000 nmethod 467 0x00007fb8251ed710 code [0x00007fb8251ed860, 0x00007fb8251ed8d8]
Event: 9.412 Thread 0x00007fb828172000  468             com.android.dx.ssa.SsaMethod::removeFromUseList (57 bytes)
Event: 9.417 Thread 0x00007fb828172000 nmethod 468 0x00007fb8251ecd50 code [0x00007fb8251ecec0, 0x00007fb8251ed2f8]
Event: 9.417 Thread 0x00007fb828172000  469             com.android.dx.ssa.InterferenceRegisterMapper::addInterfence (62 bytes)
Event: 9.429 Thread 0x00007fb828172000 nmethod 469 0x00007fb8251ee350 code [0x00007fb8251ee540, 0x00007fb8251eee70]
Event: 9.429 Thread 0x00007fb828172000  470             com.android.dx.cf.code.OneLocalsArray::<init> (22 bytes)
Event: 9.430 Thread 0x00007fb828172000 nmethod 470 0x00007fb8251eca50 code [0x00007fb8251ecba0, 0x00007fb8251eccb8]
Event: 9.430 Thread 0x00007fb828172000  471             com.android.dx.cf.code.LocalsArray::<init> (6 bytes)
Event: 9.430 Thread 0x00007fb828172000 nmethod 471 0x00007fb8251e7910 code [0x00007fb8251e7a40, 0x00007fb8251e7a98]
Event: 9.430 Thread 0x00007fb828172000  472   !         com.android.dx.cf.code.Ropper::doit (126 bytes)

GC Heap History (9 events):
Event: 3.615 GC heap before
{Heap before GC invocations=1 (full 0):
 PSYoungGen      total 18432K, used 15872K [0x00000000eaa80000, 0x00000000ebf00000, 0x0000000100000000)
  eden space 15872K, 100% used [0x00000000eaa80000,0x00000000eba00000,0x00000000eba00000)
  from space 2560K, 0% used [0x00000000ebc80000,0x00000000ebc80000,0x00000000ebf00000)
  to   space 2560K, 0% used [0x00000000eba00000,0x00000000eba00000,0x00000000ebc80000)
 ParOldGen       total 40960K, used 0K [0x00000000c0000000, 0x00000000c2800000, 0x00000000eaa80000)
  object space 40960K, 0% used [0x00000000c0000000,0x00000000c0000000,0x00000000c2800000)
 PSPermGen       total 21504K, used 5582K [0x00000000b5a00000, 0x00000000b6f00000, 0x00000000c0000000)
  object space 21504K, 25% used [0x00000000b5a00000,0x00000000b5f73b30,0x00000000b6f00000)
Event: 3.625 GC heap after
Heap after GC invocations=1 (full 0):
 PSYoungGen      total 18432K, used 2539K [0x00000000eaa80000, 0x00000000ebf00000, 0x0000000100000000)
  eden space 15872K, 0% used [0x00000000eaa80000,0x00000000eaa80000,0x00000000eba00000)
  from space 2560K, 99% used [0x00000000eba00000,0x00000000ebc7add8,0x00000000ebc80000)
  to   space 2560K, 0% used [0x00000000ebc80000,0x00000000ebc80000,0x00000000ebf00000)
 ParOldGen       total 40960K, used 1528K [0x00000000c0000000, 0x00000000c2800000, 0x00000000eaa80000)
  object space 40960K, 3% used [0x00000000c0000000,0x00000000c017e2a0,0x00000000c2800000)
 PSPermGen       total 21504K, used 5582K [0x00000000b5a00000, 0x00000000b6f00000, 0x00000000c0000000)
  object space 21504K, 25% used [0x00000000b5a00000,0x00000000b5f73b30,0x00000000b6f00000)
}
Event: 5.608 GC heap before
{Heap before GC invocations=2 (full 0):
 PSYoungGen      total 18432K, used 18411K [0x00000000eaa80000, 0x00000000ebf00000, 0x0000000100000000)
  eden space 15872K, 100% used [0x00000000eaa80000,0x00000000eba00000,0x00000000eba00000)
  from space 2560K, 99% used [0x00000000eba00000,0x00000000ebc7add8,0x00000000ebc80000)
  to   space 2560K, 0% used [0x00000000ebc80000,0x00000000ebc80000,0x00000000ebf00000)
 ParOldGen       total 40960K, used 1528K [0x00000000c0000000, 0x00000000c2800000, 0x00000000eaa80000)
  object space 40960K, 3% used [0x00000000c0000000,0x00000000c017e2a0,0x00000000c2800000)
 PSPermGen       total 21504K, used 5734K [0x00000000b5a00000, 0x00000000b6f00000, 0x00000000c0000000)
  object space 21504K, 26% used [0x00000000b5a00000,0x00000000b5f99990,0x00000000b6f00000)
Event: 5.641 GC heap after
Heap after GC invocations=2 (full 0):
 PSYoungGen      total 18432K, used 2551K [0x00000000eaa80000, 0x00000000ebf00000, 0x0000000100000000)
  eden space 15872K, 0% used [0x00000000eaa80000,0x00000000eaa80000,0x00000000eba00000)
  from space 2560K, 99% used [0x00000000ebc80000,0x00000000ebefdc88,0x00000000ebf00000)
  to   space 2560K, 0% used [0x00000000eba00000,0x00000000eba00000,0x00000000ebc80000)
 ParOldGen       total 40960K, used 4011K [0x00000000c0000000, 0x00000000c2800000, 0x00000000eaa80000)
  object space 40960K, 9% used [0x00000000c0000000,0x00000000c03eac40,0x00000000c2800000)
 PSPermGen       total 21504K, used 5734K [0x00000000b5a00000, 0x00000000b6f00000, 0x00000000c0000000)
  object space 21504K, 26% used [0x00000000b5a00000,0x00000000b5f99990,0x00000000b6f00000)
}
Event: 6.621 GC heap before
{Heap before GC invocations=3 (full 0):
 PSYoungGen      total 18432K, used 18423K [0x00000000eaa80000, 0x00000000ebf00000, 0x0000000100000000)
  eden space 15872K, 100% used [0x00000000eaa80000,0x00000000eba00000,0x00000000eba00000)
  from space 2560K, 99% used [0x00000000ebc80000,0x00000000ebefdc88,0x00000000ebf00000)
  to   space 2560K, 0% used [0x00000000eba00000,0x00000000eba00000,0x00000000ebc80000)
 ParOldGen       total 40960K, used 4011K [0x00000000c0000000, 0x00000000c2800000, 0x00000000eaa80000)
  object space 40960K, 9% used [0x00000000c0000000,0x00000000c03eac40,0x00000000c2800000)
 PSPermGen       total 21504K, used 5776K [0x00000000b5a00000, 0x00000000b6f00000, 0x00000000c0000000)
  object space 21504K, 26% used [0x00000000b5a00000,0x00000000b5fa43e8,0x00000000b6f00000)
Event: 6.645 GC heap after
Heap after GC invocations=3 (full 0):
 PSYoungGen      total 18432K, used 2528K [0x00000000eaa80000, 0x00000000ece80000, 0x0000000100000000)
  eden space 15872K, 0% used [0x00000000eaa80000,0x00000000eaa80000,0x00000000eba00000)
  from space 2560K, 98% used [0x00000000eba00000,0x00000000ebc78028,0x00000000ebc80000)
  to   space 2560K, 0% used [0x00000000ecc00000,0x00000000ecc00000,0x00000000ece80000)
 ParOldGen       total 40960K, used 6692K [0x00000000c0000000, 0x00000000c2800000, 0x00000000eaa80000)
  object space 40960K, 16% used [0x00000000c0000000,0x00000000c06893d8,0x00000000c2800000)
 PSPermGen       total 21504K, used 5776K [0x00000000b5a00000, 0x00000000b6f00000, 0x00000000c0000000)
  object space 21504K, 26% used [0x00000000b5a00000,0x00000000b5fa43e8,0x00000000b6f00000)
}
Event: 7.426 GC heap before
{Heap before GC invocations=4 (full 0):
 PSYoungGen      total 18432K, used 18400K [0x00000000eaa80000, 0x00000000ece80000, 0x0000000100000000)
  eden space 15872K, 100% used [0x00000000eaa80000,0x00000000eba00000,0x00000000eba00000)
  from space 2560K, 98% used [0x00000000eba00000,0x00000000ebc78028,0x00000000ebc80000)
  to   space 2560K, 0% used [0x00000000ecc00000,0x00000000ecc00000,0x00000000ece80000)
 ParOldGen       total 40960K, used 6692K [0x00000000c0000000, 0x00000000c2800000, 0x00000000eaa80000)
  object space 40960K, 16% used [0x00000000c0000000,0x00000000c06893d8,0x00000000c2800000)
 PSPermGen       total 21504K, used 5801K [0x00000000b5a00000, 0x00000000b6f00000, 0x00000000c0000000)
  object space 21504K, 26% used [0x00000000b5a00000,0x00000000b5faa4c8,0x00000000b6f00000)
Event: 7.441 GC heap after
Heap after GC invocations=4 (full 0):
 PSYoungGen      total 34304K, used 2560K [0x00000000eaa80000, 0x00000000ece80000, 0x0000000100000000)
  eden space 31744K, 0% used [0x00000000eaa80000,0x00000000eaa80000,0x00000000ec980000)
  from space 2560K, 100% used [0x00000000ecc00000,0x00000000ece80000,0x00000000ece80000)
  to   space 2560K, 0% used [0x00000000ec980000,0x00000000ec980000,0x00000000ecc00000)
 ParOldGen       total 40960K, used 9387K [0x00000000c0000000, 0x00000000c2800000, 0x00000000eaa80000)
  object space 40960K, 22% used [0x00000000c0000000,0x00000000c092af40,0x00000000c2800000)
 PSPermGen       total 21504K, used 5801K [0x00000000b5a00000, 0x00000000b6f00000, 0x00000000c0000000)
  object space 21504K, 26% used [0x00000000b5a00000,0x00000000b5faa4c8,0x00000000b6f00000)
}
Event: 9.540 GC heap before
{Heap before GC invocations=5 (full 0):
 PSYoungGen      total 34304K, used 34304K [0x00000000eaa80000, 0x00000000ece80000, 0x0000000100000000)
  eden space 31744K, 100% used [0x00000000eaa80000,0x00000000ec980000,0x00000000ec980000)
  from space 2560K, 100% used [0x00000000ecc00000,0x00000000ece80000,0x00000000ece80000)
  to   space 2560K, 0% used [0x00000000ec980000,0x00000000ec980000,0x00000000ecc00000)
 ParOldGen       total 40960K, used 9387K [0x00000000c0000000, 0x00000000c2800000, 0x00000000eaa80000)
  object space 40960K, 22% used [0x00000000c0000000,0x00000000c092af40,0x00000000c2800000)
 PSPermGen       total 21504K, used 5829K [0x00000000b5a00000, 0x00000000b6f00000, 0x00000000c0000000)
  object space 21504K, 27% used [0x00000000b5a00000,0x00000000b5fb16f0,0x00000000b6f00000)

Deoptimization events (10 events):
Event: 9.158 Thread 0x00007fb82800a000 Uncommon trap: reason=bimorphic action=maybe_recompile pc=0x00007fb8251bc3cc method=com.android.dx.cf.code.RopperMachine.run(Lcom/android/dx/cf/code/Frame;II)V @ 310
Event: 9.158 Thread 0x00007fb82800a000 Uncommon trap: reason=bimorphic action=maybe_recompile pc=0x00007fb8251bc3cc method=com.android.dx.cf.code.RopperMachine.run(Lcom/android/dx/cf/code/Frame;II)V @ 310
Event: 9.158 Thread 0x00007fb82800a000 Uncommon trap: reason=bimorphic action=maybe_recompile pc=0x00007fb8251bc3cc method=com.android.dx.cf.code.RopperMachine.run(Lcom/android/dx/cf/code/Frame;II)V @ 310
Event: 9.173 Thread 0x00007fb82800a000 Uncommon trap: reason=class_check action=maybe_recompile pc=0x00007fb8250c0a0c method=java.util.HashMap.put(Ljava/lang/Object;Ljava/lang/Object;)Ljava/lang/Object; @ 83
Event: 9.173 Thread 0x00007fb82800a000 Uncommon trap: reason=class_check action=maybe_recompile pc=0x00007fb8250c0a0c method=java.util.HashMap.put(Ljava/lang/Object;Ljava/lang/Object;)Ljava/lang/Object; @ 83
Event: 9.173 Thread 0x00007fb82800a000 Uncommon trap: reason=class_check action=maybe_recompile pc=0x00007fb8250c0a0c method=java.util.HashMap.put(Ljava/lang/Object;Ljava/lang/Object;)Ljava/lang/Object; @ 83
Event: 9.173 Thread 0x00007fb82800a000 Uncommon trap: reason=class_check action=maybe_recompile pc=0x00007fb8250c0a0c method=java.util.HashMap.put(Ljava/lang/Object;Ljava/lang/Object;)Ljava/lang/Object; @ 83
Event: 9.205 Thread 0x00007fb82800a000 Uncommon trap: reason=unreached action=reinterpret pc=0x00007fb8250d52cc method=com.android.dx.rop.code.LocalVariableExtractor.processBlock(I)V @ 195
Event: 9.423 Thread 0x00007fb82800a000 Uncommon trap: reason=bimorphic action=maybe_recompile pc=0x00007fb82520b3c0 method=com.android.dx.cf.code.BytecodeArray.parseInstruction(ILcom/android/dx/cf/code/BytecodeArray$Visitor;)I @ 2135
Event: 9.423 Thread 0x00007fb82800a000 Uncommon trap: reason=bimorphic action=maybe_recompile pc=0x00007fb82520b3c0 method=com.android.dx.cf.code.BytecodeArray.parseInstruction(ILcom/android/dx/cf/code/BytecodeArray$Visitor;)I @ 2135

Internal exceptions (10 events):
Event: 2.914 Thread 0x00007fb82800a000 Threw 0x00000000eb5f7278 at /build/buildd/openjdk-7-7u71-2.5.3/build/openjdk/hotspot/src/share/vm/prims/jvm.cpp:1284
Event: 3.033 Thread 0x00007fb82800a000 Threw 0x00000000eb65b7e0 at /build/buildd/openjdk-7-7u71-2.5.3/build/openjdk/hotspot/src/share/vm/prims/jvm.cpp:1284
Event: 3.259 Thread 0x00007fb82800a000 Implicit null exception at 0x00007fb82508052f to 0x00007fb825080861
Event: 4.676 Thread 0x00007fb82800a000 Implicit null exception at 0x00007fb82509ced2 to 0x00007fb82509cfc3
Event: 5.559 Thread 0x00007fb82800a000 Implicit null exception at 0x00007fb8250b52ac to 0x00007fb8250b64dd
Event: 5.752 Thread 0x00007fb82800a000 Threw 0x00000000eaba9830 at /build/buildd/openjdk-7-7u71-2.5.3/build/openjdk/hotspot/src/share/vm/prims/jvm.cpp:1284
Event: 5.780 Thread 0x00007fb82800a000 Threw 0x00000000eac1d830 at /build/buildd/openjdk-7-7u71-2.5.3/build/openjdk/hotspot/src/share/vm/prims/jvm.cpp:1284
Event: 7.296 Thread 0x00007fb82800a000 Implicit null exception at 0x00007fb82515e1c7 to 0x00007fb82515e8f1
Event: 7.553 Thread 0x00007fb82800a000 Threw 0x00000000eaf29470 at /build/buildd/openjdk-7-7u71-2.5.3/build/openjdk/hotspot/src/share/vm/prims/jvm.cpp:1284
Event: 8.263 Thread 0x00007fb82800a000 Threw 0x00000000eb3c5c20 at /build/buildd/openjdk-7-7u71-2.5.3/build/openjdk/hotspot/src/share/vm/prims/jvm.cpp:1284

Events (10 events):
Event: 9.204 Thread 0x00007fb82800a000 Uncommon trap: trap_request=0xffffffad fr.pc=0x00007fb8250d52cc
Event: 9.205 Thread 0x00007fb82800a000 DEOPT PACKING pc=0x00007fb8250d52cc sp=0x00007fb83169c010
Event: 9.205 Thread 0x00007fb82800a000 DEOPT UNPACKING pc=0x00007fb825039445 sp=0x00007fb83169bfb0 mode 2
Event: 9.423 Thread 0x00007fb82800a000 Uncommon trap: trap_request=0xffffffc6 fr.pc=0x00007fb82520b3c0
Event: 9.423 Thread 0x00007fb82800a000 DEOPT PACKING pc=0x00007fb82520b3c0 sp=0x00007fb83169bd30
Event: 9.423 Thread 0x00007fb82800a000 DEOPT UNPACKING pc=0x00007fb825039445 sp=0x00007fb83169bce0 mode 2
Event: 9.423 Thread 0x00007fb82800a000 Uncommon trap: trap_request=0xffffffc6 fr.pc=0x00007fb82520b3c0
Event: 9.423 Thread 0x00007fb82800a000 DEOPT PACKING pc=0x00007fb82520b3c0 sp=0x00007fb83169bdd0
Event: 9.423 Thread 0x00007fb82800a000 DEOPT UNPACKING pc=0x00007fb825039445 sp=0x00007fb83169bd80 mode 2
Event: 9.540 Executing VM operation: ParallelGCFailedAllocation


Dynamic libraries:
00400000-00401000 r-xp 00000000 08:06 1972470                            /usr/lib/jvm/java-7-openjdk-amd64/jre/bin/java
00600000-00601000 r--p 00000000 08:06 1972470                            /usr/lib/jvm/java-7-openjdk-amd64/jre/bin/java
00601000-00602000 rw-p 00001000 08:06 1972470                            /usr/lib/jvm/java-7-openjdk-amd64/jre/bin/java
00a40000-00a61000 rw-p 00000000 00:00 0                                  [heap]
b5a00000-b6f00000 rw-p 00000000 00:00 0 
b6f00000-c0000000 rw-p 00000000 00:00 0 
c0000000-c2800000 rw-p 00000000 00:00 0 
c2800000-eaa80000 rw-p 00000000 00:00 0 
eaa80000-ece80000 rw-p 00000000 00:00 0 
ef880000-100000000 rw-p 00000000 00:00 0 
7fb7e8000000-7fb7e8021000 rw-p 00000000 00:00 0 
7fb7e8021000-7fb7ec000000 ---p 00000000 00:00 0 
7fb7f0000000-7fb7f0b35000 rw-p 00000000 00:00 0 
7fb7f0b35000-7fb7f4000000 ---p 00000000 00:00 0 
7fb7f4000000-7fb7f4021000 rw-p 00000000 00:00 0 
7fb7f4021000-7fb7f8000000 ---p 00000000 00:00 0 
7fb7f8000000-7fb7f8021000 rw-p 00000000 00:00 0 
7fb7f8021000-7fb7fc000000 ---p 00000000 00:00 0 
7fb7fc000000-7fb7fcef9000 rw-p 00000000 00:00 0 
7fb7fcef9000-7fb800000000 ---p 00000000 00:00 0 
7fb800000000-7fb800021000 rw-p 00000000 00:00 0 
7fb800021000-7fb804000000 ---p 00000000 00:00 0 
7fb804000000-7fb804021000 rw-p 00000000 00:00 0 
7fb804021000-7fb808000000 ---p 00000000 00:00 0 
7fb808000000-7fb808021000 rw-p 00000000 00:00 0 
7fb808021000-7fb80c000000 ---p 00000000 00:00 0 
7fb80c000000-7fb80c0e0000 rw-p 00000000 00:00 0 
7fb80c0e0000-7fb810000000 ---p 00000000 00:00 0 
7fb810000000-7fb810021000 rw-p 00000000 00:00 0 
7fb810021000-7fb814000000 ---p 00000000 00:00 0 
7fb818000000-7fb818021000 rw-p 00000000 00:00 0 
7fb818021000-7fb81c000000 ---p 00000000 00:00 0 
7fb81cbdf000-7fb81cd40000 rw-p 00000000 00:00 0 
7fb81cd40000-7fb81cd7d000 r-xp 00000000 08:06 3017016                    /lib/x86_64-linux-gnu/libpcre.so.3.13.1
7fb81cd7d000-7fb81cf7c000 ---p 0003d000 08:06 3017016                    /lib/x86_64-linux-gnu/libpcre.so.3.13.1
7fb81cf7c000-7fb81cf7d000 r--p 0003c000 08:06 3017016                    /lib/x86_64-linux-gnu/libpcre.so.3.13.1
7fb81cf7d000-7fb81cf7e000 rw-p 0003d000 08:06 3017016                    /lib/x86_64-linux-gnu/libpcre.so.3.13.1
7fb81cf7e000-7fb81cf85000 r-xp 00000000 08:06 1966223                    /usr/lib/x86_64-linux-gnu/libffi.so.6.0.1
7fb81cf85000-7fb81d184000 ---p 00007000 08:06 1966223                    /usr/lib/x86_64-linux-gnu/libffi.so.6.0.1
7fb81d184000-7fb81d185000 r--p 00006000 08:06 1966223                    /usr/lib/x86_64-linux-gnu/libffi.so.6.0.1
7fb81d185000-7fb81d186000 rw-p 00007000 08:06 1966223                    /usr/lib/x86_64-linux-gnu/libffi.so.6.0.1
7fb81d186000-7fb81d19d000 r-xp 00000000 08:06 3014724                    /lib/x86_64-linux-gnu/libresolv-2.19.so
7fb81d19d000-7fb81d39d000 ---p 00017000 08:06 3014724                    /lib/x86_64-linux-gnu/libresolv-2.19.so
7fb81d39d000-7fb81d39e000 r--p 00017000 08:06 3014724                    /lib/x86_64-linux-gnu/libresolv-2.19.so
7fb81d39e000-7fb81d39f000 rw-p 00018000 08:06 3014724                    /lib/x86_64-linux-gnu/libresolv-2.19.so
7fb81d39f000-7fb81d3a1000 rw-p 00000000 00:00 0 
7fb81d3a1000-7fb81d3c1000 r-xp 00000000 08:06 3018498                    /lib/x86_64-linux-gnu/libselinux.so.1
7fb81d3c1000-7fb81d5c0000 ---p 00020000 08:06 3018498                    /lib/x86_64-linux-gnu/libselinux.so.1
7fb81d5c0000-7fb81d5c1000 r--p 0001f000 08:06 3018498                    /lib/x86_64-linux-gnu/libselinux.so.1
7fb81d5c1000-7fb81d5c2000 rw-p 00020000 08:06 3018498                    /lib/x86_64-linux-gnu/libselinux.so.1
7fb81d5c2000-7fb81d5c4000 rw-p 00000000 00:00 0 
7fb81d5c4000-7fb81d5c7000 r-xp 00000000 08:06 1968067                    /usr/lib/x86_64-linux-gnu/libgmodule-2.0.so.0.4002.0
7fb81d5c7000-7fb81d7c6000 ---p 00003000 08:06 1968067                    /usr/lib/x86_64-linux-gnu/libgmodule-2.0.so.0.4002.0
7fb81d7c6000-7fb81d7c7000 r--p 00002000 08:06 1968067                    /usr/lib/x86_64-linux-gnu/libgmodule-2.0.so.0.4002.0
7fb81d7c7000-7fb81d7c8000 rw-p 00003000 08:06 1968067                    /usr/lib/x86_64-linux-gnu/libgmodule-2.0.so.0.4002.0
7fb81d7c8000-7fb81d8ce000 r-xp 00000000 08:06 3016239                    /lib/x86_64-linux-gnu/libglib-2.0.so.0.4002.0
7fb81d8ce000-7fb81dacd000 ---p 00106000 08:06 3016239                    /lib/x86_64-linux-gnu/libglib-2.0.so.0.4002.0
7fb81dacd000-7fb81dace000 r--p 00105000 08:06 3016239                    /lib/x86_64-linux-gnu/libglib-2.0.so.0.4002.0
7fb81dace000-7fb81dacf000 rw-p 00106000 08:06 3016239                    /lib/x86_64-linux-gnu/libglib-2.0.so.0.4002.0
7fb81dacf000-7fb820000000 rw-p 00000000 00:00 0 
7fb820000000-7fb820021000 rw-p 00000000 00:00 0 
7fb820021000-7fb824000000 ---p 00000000 00:00 0 
7fb824046000-7fb824095000 r-xp 00000000 08:06 1968068                    /usr/lib/x86_64-linux-gnu/libgobject-2.0.so.0.4002.0
7fb824095000-7fb824295000 ---p 0004f000 08:06 1968068                    /usr/lib/x86_64-linux-gnu/libgobject-2.0.so.0.4002.0
7fb824295000-7fb824296000 r--p 0004f000 08:06 1968068                    /usr/lib/x86_64-linux-gnu/libgobject-2.0.so.0.4002.0
7fb824296000-7fb824297000 rw-p 00050000 08:06 1968068                    /usr/lib/x86_64-linux-gnu/libgobject-2.0.so.0.4002.0
7fb824297000-7fb824403000 r-xp 00000000 08:06 1968070                    /usr/lib/x86_64-linux-gnu/libgio-2.0.so.0.4002.0
7fb824403000-7fb824602000 ---p 0016c000 08:06 1968070                    /usr/lib/x86_64-linux-gnu/libgio-2.0.so.0.4002.0
7fb824602000-7fb824606000 r--p 0016b000 08:06 1968070                    /usr/lib/x86_64-linux-gnu/libgio-2.0.so.0.4002.0
7fb824606000-7fb824608000 rw-p 0016f000 08:06 1968070                    /usr/lib/x86_64-linux-gnu/libgio-2.0.so.0.4002.0
7fb824608000-7fb82460a000 rw-p 00000000 00:00 0 
7fb82460a000-7fb824621000 r-xp 00000000 08:06 1972002                    /usr/lib/jvm/java-7-openjdk-amd64/jre/lib/amd64/libnet.so
7fb824621000-7fb824820000 ---p 00017000 08:06 1972002                    /usr/lib/jvm/java-7-openjdk-amd64/jre/lib/amd64/libnet.so
7fb824820000-7fb824821000 r--p 00016000 08:06 1972002                    /usr/lib/jvm/java-7-openjdk-amd64/jre/lib/amd64/libnet.so
7fb824821000-7fb824822000 rw-p 00017000 08:06 1972002                    /usr/lib/jvm/java-7-openjdk-amd64/jre/lib/amd64/libnet.so
7fb824822000-7fb824832000 r-xp 00000000 08:06 1972044                    /usr/lib/jvm/java-7-openjdk-amd64/jre/lib/amd64/libnio.so
7fb824832000-7fb824a32000 ---p 00010000 08:06 1972044                    /usr/lib/jvm/java-7-openjdk-amd64/jre/lib/amd64/libnio.so
7fb824a32000-7fb824a33000 r--p 00010000 08:06 1972044                    /usr/lib/jvm/java-7-openjdk-amd64/jre/lib/amd64/libnio.so
7fb824a33000-7fb824a34000 rw-p 00011000 08:06 1972044                    /usr/lib/jvm/java-7-openjdk-amd64/jre/lib/amd64/libnio.so
7fb824a34000-7fb824a35000 ---p 00000000 00:00 0 
7fb824a35000-7fb824b35000 rw-p 00000000 00:00 0                          [stack:8342]
7fb824b35000-7fb824b38000 ---p 00000000 00:00 0 
7fb824b38000-7fb824c36000 rw-p 00000000 00:00 0                          [stack:8341]
7fb824c36000-7fb824c39000 ---p 00000000 00:00 0 
7fb824c39000-7fb824d37000 rw-p 00000000 00:00 0                          [stack:8340]
7fb824d37000-7fb825000000 r--p 00000000 08:06 1966276                    /usr/lib/locale/locale-archive
7fb825000000-7fb825270000 rwxp 00000000 00:00 0 
7fb825270000-7fb8282f3000 rw-p 00000000 00:00 0 
7fb8282f3000-7fb82c000000 ---p 00000000 00:00 0 
7fb82c0a3000-7fb82c0a8000 r--s 0002f000 08:06 2808403                    /home/saumya/AndroidStudioProjects/CouponDuniaApp/app/libs/gson-2.3.1.jar
7fb82c0a8000-7fb82c0b7000 r--s 000dd000 08:06 2132276                    /home/saumya/myAndroid/sdk/build-tools/21.1.2/lib/dx.jar
7fb82c0b7000-7fb82c0ba000 ---p 00000000 00:00 0 
7fb82c0ba000-7fb82c1b8000 rw-p 00000000 00:00 0                          [stack:8339]
7fb82c1b8000-7fb82c1bb000 ---p 00000000 00:00 0 
7fb82c1bb000-7fb82c2b9000 rw-p 00000000 00:00 0                          [stack:8338]
7fb82c2b9000-7fb82c2bc000 ---p 00000000 00:00 0 
7fb82c2bc000-7fb82c3ba000 rw-p 00000000 00:00 0                          [stack:8337]
7fb82c3ba000-7fb82c3bd000 ---p 00000000 00:00 0 
7fb82c3bd000-7fb82c4bb000 rw-p 00000000 00:00 0                          [stack:8336]
7fb82c4bb000-7fb82c4bc000 ---p 00000000 00:00 0 
7fb82c4bc000-7fb82d514000 rw-p 00000000 00:00 0                          [stack:8335]
7fb82d514000-7fb82d6c5000 r--s 01d25000 08:06 1972278                    /usr/lib/jvm/java-7-openjdk-amd64/jre/lib/rt.jar
7fb82d6c5000-7fb82d9e9000 rw-p 00000000 00:00 0 
7fb82d9e9000-7fb82d9ea000 ---p 00000000 00:00 0 
7fb82d9ea000-7fb82daea000 rw-p 00000000 00:00 0                          [stack:8334]
7fb82daea000-7fb82daeb000 ---p 00000000 00:00 0 
7fb82daeb000-7fb82dbeb000 rw-p 00000000 00:00 0                          [stack:8333]
7fb82dbeb000-7fb82dbec000 ---p 00000000 00:00 0 
7fb82dbec000-7fb82dcec000 rw-p 00000000 00:00 0                          [stack:8332]
7fb82dcec000-7fb82dced000 ---p 00000000 00:00 0 
7fb82dced000-7fb82ddf8000 rw-p 00000000 00:00 0                          [stack:8331]
7fb82ddf8000-7fb82de40000 rw-p 00000000 00:00 0 
7fb82de40000-7fb82de54000 rw-p 00000000 00:00 0 
7fb82de54000-7fb82df96000 rw-p 00000000 00:00 0 
7fb82df96000-7fb82dfa1000 rw-p 00000000 00:00 0 
7fb82dfa1000-7fb82dfe9000 rw-p 00000000 00:00 0 
7fb82dfe9000-7fb82dffd000 rw-p 00000000 00:00 0 
7fb82dffd000-7fb82e13e000 rw-p 00000000 00:00 0 
7fb82e13e000-7fb82e151000 rw-p 00000000 00:00 0 
7fb82e151000-7fb82e1e9000 rw-p 00000000 00:00 0 
7fb82e1e9000-7fb82e1ea000 rw-p 00000000 00:00 0 
7fb82e1ea000-7fb82e1f2000 r-xp 00000000 08:06 1971994                    /usr/lib/jvm/java-7-openjdk-amd64/jre/lib/amd64/libzip.so
7fb82e1f2000-7fb82e3f1000 ---p 00008000 08:06 1971994                    /usr/lib/jvm/java-7-openjdk-amd64/jre/lib/amd64/libzip.so
7fb82e3f1000-7fb82e3f2000 r--p 00007000 08:06 1971994                    /usr/lib/jvm/java-7-openjdk-amd64/jre/lib/amd64/libzip.so
7fb82e3f2000-7fb82e3f3000 rw-p 00008000 08:06 1971994                    /usr/lib/jvm/java-7-openjdk-amd64/jre/lib/amd64/libzip.so
7fb82e3f3000-7fb82e3fe000 r-xp 00000000 08:06 3015731                    /lib/x86_64-linux-gnu/libnss_files-2.19.so
7fb82e3fe000-7fb82e5fd000 ---p 0000b000 08:06 3015731                    /lib/x86_64-linux-gnu/libnss_files-2.19.so
7fb82e5fd000-7fb82e5fe000 r--p 0000a000 08:06 3015731                    /lib/x86_64-linux-gnu/libnss_files-2.19.so
7fb82e5fe000-7fb82e5ff000 rw-p 0000b000 08:06 3015731                    /lib/x86_64-linux-gnu/libnss_files-2.19.so
7fb82e5ff000-7fb82e60a000 r-xp 00000000 08:06 3015732                    /lib/x86_64-linux-gnu/libnss_nis-2.19.so
7fb82e60a000-7fb82e809000 ---p 0000b000 08:06 3015732                    /lib/x86_64-linux-gnu/libnss_nis-2.19.so
7fb82e809000-7fb82e80a000 r--p 0000a000 08:06 3015732                    /lib/x86_64-linux-gnu/libnss_nis-2.19.so
7fb82e80a000-7fb82e80b000 rw-p 0000b000 08:06 3015732                    /lib/x86_64-linux-gnu/libnss_nis-2.19.so
7fb82e80b000-7fb82e822000 r-xp 00000000 08:06 3015718                    /lib/x86_64-linux-gnu/libnsl-2.19.so
7fb82e822000-7fb82ea21000 ---p 00017000 08:06 3015718                    /lib/x86_64-linux-gnu/libnsl-2.19.so
7fb82ea21000-7fb82ea22000 r--p 00016000 08:06 3015718                    /lib/x86_64-linux-gnu/libnsl-2.19.so
7fb82ea22000-7fb82ea23000 rw-p 00017000 08:06 3015718                    /lib/x86_64-linux-gnu/libnsl-2.19.so
7fb82ea23000-7fb82ea25000 rw-p 00000000 00:00 0 
7fb82ea25000-7fb82ea2e000 r-xp 00000000 08:06 3014708                    /lib/x86_64-linux-gnu/libnss_compat-2.19.so
7fb82ea2e000-7fb82ec2d000 ---p 00009000 08:06 3014708                    /lib/x86_64-linux-gnu/libnss_compat-2.19.so
7fb82ec2d000-7fb82ec2e000 r--p 00008000 08:06 3014708                    /lib/x86_64-linux-gnu/libnss_compat-2.19.so
7fb82ec2e000-7fb82ec2f000 rw-p 00009000 08:06 3014708                    /lib/x86_64-linux-gnu/libnss_compat-2.19.so
7fb82ec2f000-7fb82ec5a000 r-xp 00000000 08:06 1972001                    /usr/lib/jvm/java-7-openjdk-amd64/jre/lib/amd64/libjava.so
7fb82ec5a000-7fb82ee59000 ---p 0002b000 08:06 1972001                    /usr/lib/jvm/java-7-openjdk-amd64/jre/lib/amd64/libjava.so
7fb82ee59000-7fb82ee5a000 r--p 0002a000 08:06 1972001                    /usr/lib/jvm/java-7-openjdk-amd64/jre/lib/amd64/libjava.so
7fb82ee5a000-7fb82ee5c000 rw-p 0002b000 08:06 1972001                    /usr/lib/jvm/java-7-openjdk-amd64/jre/lib/amd64/libjava.so
7fb82ee5c000-7fb82ee6c000 r-xp 00000000 08:06 1972043                    /usr/lib/jvm/java-7-openjdk-amd64/jre/lib/amd64/libverify.so
7fb82ee6c000-7fb82f06b000 ---p 00010000 08:06 1972043                    /usr/lib/jvm/java-7-openjdk-amd64/jre/lib/amd64/libverify.so
7fb82f06b000-7fb82f06d000 r--p 0000f000 08:06 1972043                    /usr/lib/jvm/java-7-openjdk-amd64/jre/lib/amd64/libverify.so
7fb82f06d000-7fb82f06e000 rw-p 00011000 08:06 1972043                    /usr/lib/jvm/java-7-openjdk-amd64/jre/lib/amd64/libverify.so
7fb82f06e000-7fb82f075000 r-xp 00000000 08:06 3015720                    /lib/x86_64-linux-gnu/librt-2.19.so
7fb82f075000-7fb82f274000 ---p 00007000 08:06 3015720                    /lib/x86_64-linux-gnu/librt-2.19.so
7fb82f274000-7fb82f275000 r--p 00006000 08:06 3015720                    /lib/x86_64-linux-gnu/librt-2.19.so
7fb82f275000-7fb82f276000 rw-p 00007000 08:06 3015720                    /lib/x86_64-linux-gnu/librt-2.19.so
7fb82f276000-7fb82f28c000 r-xp 00000000 08:06 3014750                    /lib/x86_64-linux-gnu/libgcc_s.so.1
7fb82f28c000-7fb82f48b000 ---p 00016000 08:06 3014750                    /lib/x86_64-linux-gnu/libgcc_s.so.1
7fb82f48b000-7fb82f48c000 rw-p 00015000 08:06 3014750                    /lib/x86_64-linux-gnu/libgcc_s.so.1
7fb82f48c000-7fb82f591000 r-xp 00000000 08:06 3015727                    /lib/x86_64-linux-gnu/libm-2.19.so
7fb82f591000-7fb82f790000 ---p 00105000 08:06 3015727                    /lib/x86_64-linux-gnu/libm-2.19.so
7fb82f790000-7fb82f791000 r--p 00104000 08:06 3015727                    /lib/x86_64-linux-gnu/libm-2.19.so
7fb82f791000-7fb82f792000 rw-p 00105000 08:06 3015727                    /lib/x86_64-linux-gnu/libm-2.19.so
7fb82f792000-7fb82f878000 r-xp 00000000 08:06 1967432                    /usr/lib/x86_64-linux-gnu/libstdc++.so.6.0.19
7fb82f878000-7fb82fa77000 ---p 000e6000 08:06 1967432                    /usr/lib/x86_64-linux-gnu/libstdc++.so.6.0.19
7fb82fa77000-7fb82fa7f000 r--p 000e5000 08:06 1967432                    /usr/lib/x86_64-linux-gnu/libstdc++.so.6.0.19
7fb82fa7f000-7fb82fa81000 rw-p 000ed000 08:06 1967432                    /usr/lib/x86_64-linux-gnu/libstdc++.so.6.0.19
7fb82fa81000-7fb82fa96000 rw-p 00000000 00:00 0 
7fb82fa96000-7fb8305ac000 r-xp 00000000 08:06 1972051                    /usr/lib/jvm/java-7-openjdk-amd64/jre/lib/amd64/server/libjvm.so
7fb8305ac000-7fb8307ab000 ---p 00b16000 08:06 1972051                    /usr/lib/jvm/java-7-openjdk-amd64/jre/lib/amd64/server/libjvm.so
7fb8307ab000-7fb830845000 r--p 00b15000 08:06 1972051                    /usr/lib/jvm/java-7-openjdk-amd64/jre/lib/amd64/server/libjvm.so
7fb830845000-7fb830868000 rw-p 00baf000 08:06 1972051                    /usr/lib/jvm/java-7-openjdk-amd64/jre/lib/amd64/server/libjvm.so
7fb830868000-7fb830896000 rw-p 00000000 00:00 0 
7fb830896000-7fb8308ae000 r-xp 00000000 08:06 3018529                    /lib/x86_64-linux-gnu/libz.so.1.2.8
7fb8308ae000-7fb830aad000 ---p 00018000 08:06 3018529                    /lib/x86_64-linux-gnu/libz.so.1.2.8
7fb830aad000-7fb830aae000 r--p 00017000 08:06 3018529                    /lib/x86_64-linux-gnu/libz.so.1.2.8
7fb830aae000-7fb830aaf000 rw-p 00018000 08:06 3018529                    /lib/x86_64-linux-gnu/libz.so.1.2.8
7fb830aaf000-7fb830ac8000 r-xp 00000000 08:06 3015737                    /lib/x86_64-linux-gnu/libpthread-2.19.so
7fb830ac8000-7fb830cc7000 ---p 00019000 08:06 3015737                    /lib/x86_64-linux-gnu/libpthread-2.19.so
7fb830cc7000-7fb830cc8000 r--p 00018000 08:06 3015737                    /lib/x86_64-linux-gnu/libpthread-2.19.so
7fb830cc8000-7fb830cc9000 rw-p 00019000 08:06 3015737                    /lib/x86_64-linux-gnu/libpthread-2.19.so
7fb830cc9000-7fb830ccd000 rw-p 00000000 00:00 0 
7fb830ccd000-7fb830cd0000 r-xp 00000000 08:06 3015736                    /lib/x86_64-linux-gnu/libdl-2.19.so
7fb830cd0000-7fb830ecf000 ---p 00003000 08:06 3015736                    /lib/x86_64-linux-gnu/libdl-2.19.so
7fb830ecf000-7fb830ed0000 r--p 00002000 08:06 3015736                    /lib/x86_64-linux-gnu/libdl-2.19.so
7fb830ed0000-7fb830ed1000 rw-p 00003000 08:06 3015736                    /lib/x86_64-linux-gnu/libdl-2.19.so
7fb830ed1000-7fb83108c000 r-xp 00000000 08:06 3015724                    /lib/x86_64-linux-gnu/libc-2.19.so
7fb83108c000-7fb83128c000 ---p 001bb000 08:06 3015724                    /lib/x86_64-linux-gnu/libc-2.19.so
7fb83128c000-7fb831290000 r--p 001bb000 08:06 3015724                    /lib/x86_64-linux-gnu/libc-2.19.so
7fb831290000-7fb831292000 rw-p 001bf000 08:06 3015724                    /lib/x86_64-linux-gnu/libc-2.19.so
7fb831292000-7fb831297000 rw-p 00000000 00:00 0 
7fb831297000-7fb8312a4000 r-xp 00000000 08:06 1971999                    /usr/lib/jvm/java-7-openjdk-amd64/jre/lib/amd64/jli/libjli.so
7fb8312a4000-7fb8314a3000 ---p 0000d000 08:06 1971999                    /usr/lib/jvm/java-7-openjdk-amd64/jre/lib/amd64/jli/libjli.so
7fb8314a3000-7fb8314a4000 r--p 0000c000 08:06 1971999                    /usr/lib/jvm/java-7-openjdk-amd64/jre/lib/amd64/jli/libjli.so
7fb8314a4000-7fb8314a5000 rw-p 0000d000 08:06 1971999                    /usr/lib/jvm/java-7-openjdk-amd64/jre/lib/amd64/jli/libjli.so
7fb8314a5000-7fb8314c8000 r-xp 00000000 08:06 3015725                    /lib/x86_64-linux-gnu/ld-2.19.so
7fb8314c8000-7fb8314c9000 rw-p 00000000 00:00 0 
7fb8314c9000-7fb8314cd000 r--s 0003c000 08:06 1972162                    /usr/lib/jvm/java-7-openjdk-amd64/jre/lib/ext/sunpkcs11.jar
7fb8314cd000-7fb8314d1000 r--s 00085000 08:06 1972163                    /usr/lib/jvm/java-7-openjdk-amd64/jre/lib/ext/localedata.jar
7fb8314d1000-7fb8314d3000 r--s 00006000 08:06 2365077                    /usr/share/java/java-atk-wrapper.jar
7fb8314d3000-7fb8314d4000 r--s 00002000 08:06 1972168                    /usr/lib/jvm/java-7-openjdk-amd64/jre/lib/ext/dnsns.jar
7fb8314d4000-7fb8314d6000 r--s 00012000 08:06 1972161                    /usr/lib/jvm/java-7-openjdk-amd64/jre/lib/ext/zipfs.jar
7fb8314d6000-7fb8314d9000 r--s 0000f000 08:06 1972159                    /usr/lib/jvm/java-7-openjdk-amd64/jre/lib/ext/icedtea-sound.jar
7fb8314d9000-7fb8314dd000 r--s 00034000 08:06 1972164                    /usr/lib/jvm/java-7-openjdk-amd64/jre/lib/ext/sunjce_provider.jar
7fb8314dd000-7fb8314e7000 rw-p 00000000 00:00 0 
7fb8314e7000-7fb83159d000 rw-p 00000000 00:00 0 
7fb83159d000-7fb8315a0000 ---p 00000000 00:00 0 
7fb8315a0000-7fb8316bb000 rw-p 00000000 00:00 0                          [stack:8330]
7fb8316bb000-7fb8316c3000 rw-s 00000000 08:06 1180960                    /tmp/hsperfdata_saumya/8322
7fb8316c3000-7fb8316c4000 rw-p 00000000 00:00 0 
7fb8316c4000-7fb8316c5000 ---p 00000000 00:00 0 
7fb8316c5000-7fb8316c7000 rw-p 00000000 00:00 0 
7fb8316c7000-7fb8316c8000 r--p 00022000 08:06 3015725                    /lib/x86_64-linux-gnu/ld-2.19.so
7fb8316c8000-7fb8316c9000 rw-p 00023000 08:06 3015725                    /lib/x86_64-linux-gnu/ld-2.19.so
7fb8316c9000-7fb8316ca000 rw-p 00000000 00:00 0 
7fff63c39000-7fff63c5a000 rw-p 00000000 00:00 0                          [stack]
7fff63dfe000-7fff63e00000 r-xp 00000000 00:00 0                          [vdso]
ffffffffff600000-ffffffffff601000 r-xp 00000000 00:00 0                  [vsyscall]

VM Arguments:
jvm_args: -Xmx1024M 
java_command: /home/saumya/myAndroid/sdk/build-tools/21.1.2/lib/dx.jar --dex --output /home/saumya/AndroidStudioProjects/CouponDuniaApp/app/build/intermediates/pre-dexed/debug/gson-2.3.1-9f752e9b5536451b599017c5f4c38a2f6282a52f.jar /home/saumya/AndroidStudioProjects/CouponDuniaApp/app/libs/gson-2.3.1.jar
Launcher Type: SUN_STANDARD

Environment Variables:
CLASSPATH=/opt/android-studio/bin/../lib/bootstrap.jar:/opt/android-studio/bin/../lib/extensions.jar:/opt/android-studio/bin/../lib/util.jar:/opt/android-studio/bin/../lib/jdom.jar:/opt/android-studio/bin/../lib/log4j.jar:/opt/android-studio/bin/../lib/trove4j.jar:/opt/android-studio/bin/../lib/jna.jar:/usr/lib/jvm/java-7-openjdk-amd64/lib/tools.jar
PATH=/usr/local/sbin:/usr/local/bin:/usr/sbin:/usr/bin:/sbin:/bin:/usr/games:/usr/local/games
LD_LIBRARY_PATH=/opt/android-studio/bin:
SHELL=/usr/bin/fish
DISPLAY=:0

Signal Handlers:
SIGSEGV: [libjvm.so+0x9495e0], sa_mask[0]=0x7ffbfeff, sa_flags=0x10000004
SIGBUS: [libjvm.so+0x9495e0], sa_mask[0]=0x7ffbfeff, sa_flags=0x10000004
SIGFPE: [libjvm.so+0x7c3410], sa_mask[0]=0x7ffbfeff, sa_flags=0x10000004
SIGPIPE: [libjvm.so+0x7c3410], sa_mask[0]=0x7ffbfeff, sa_flags=0x10000004
SIGXFSZ: [libjvm.so+0x7c3410], sa_mask[0]=0x7ffbfeff, sa_flags=0x10000004
SIGILL: [libjvm.so+0x7c3410], sa_mask[0]=0x7ffbfeff, sa_flags=0x10000004
SIGUSR1: SIG_DFL, sa_mask[0]=0x00000000, sa_flags=0x00000000
SIGUSR2: [libjvm.so+0x7c32b0], sa_mask[0]=0x00000004, sa_flags=0x10000004
SIGHUP: [libjvm.so+0x7c3490], sa_mask[0]=0x7ffbfeff, sa_flags=0x10000004
SIGINT: [libjvm.so+0x7c3490], sa_mask[0]=0x7ffbfeff, sa_flags=0x10000004
SIGTERM: [libjvm.so+0x7c3490], sa_mask[0]=0x7ffbfeff, sa_flags=0x10000004
SIGQUIT: [libjvm.so+0x7c3490], sa_mask[0]=0x7ffbfeff, sa_flags=0x10000004
SIGTRAP: SIG_DFL, sa_mask[0]=0x00000000, sa_flags=0x00000000


---------------  S Y S T E M  ---------------

OS:Ubuntu 14.04 (trusty)
uname:Linux 3.13.0-40-generic #69-Ubuntu SMP Thu Nov 13 17:53:56 UTC 2014 x86_64
libc:glibc 2.19 NPTL 2.19 
rlimit: STACK 8192k, CORE 0k, NPROC 30674, NOFILE 4096, AS infinity
load average:6.60 1.88 1.04

/proc/meminfo:
MemTotal:        3948008 kB
MemFree:          218632 kB
Buffers:             716 kB
Cached:           359488 kB
SwapCached:            0 kB
Active:          3196492 kB
Inactive:         355048 kB
Active(anon):    3194096 kB
Inactive(anon):   319784 kB
Active(file):       2396 kB
Inactive(file):    35264 kB
Unevictable:          32 kB
Mlocked:              32 kB
SwapTotal:             0 kB
SwapFree:              0 kB
Dirty:               224 kB
Writeback:             0 kB
AnonPages:       3191352 kB
Mapped:           109812 kB
Shmem:            322560 kB
Slab:              68736 kB
SReclaimable:      33548 kB
SUnreclaim:        35188 kB
KernelStack:        5496 kB
PageTables:        42652 kB
NFS_Unstable:          0 kB
Bounce:                0 kB
WritebackTmp:          0 kB
CommitLimit:     1974004 kB
Committed_AS:    7746364 kB
VmallocTotal:   34359738367 kB
VmallocUsed:      544540 kB
VmallocChunk:   34359185372 kB
HardwareCorrupted:     0 kB
AnonHugePages:   1695744 kB
HugePages_Total:       0
HugePages_Free:        0
HugePages_Rsvd:        0
HugePages_Surp:        0
Hugepagesize:       2048 kB
DirectMap4k:       84732 kB
DirectMap2M:     4009984 kB


CPU:total 4 (2 cores per cpu, 2 threads per core) family 6 model 58 stepping 9, cmov, cx8, fxsr, mmx, sse, sse2, sse3, ssse3, sse4.1, sse4.2, popcnt, avx, aes, erms, ht, tsc, tscinvbit, tscinv

/proc/cpuinfo:
processor	: 0
vendor_id	: GenuineIntel
cpu family	: 6
model		: 58
model name	: Intel(R) Core(TM) i5-3210M CPU @ 2.50GHz
stepping	: 9
microcode	: 0x12
cpu MHz		: 2501.000
cache size	: 3072 KB
physical id	: 0
siblings	: 4
core id		: 0
cpu cores	: 2
apicid		: 0
initial apicid	: 0
fpu		: yes
fpu_exception	: yes
cpuid level	: 13
wp		: yes
flags		: fpu vme de pse tsc msr pae mce cx8 apic sep mtrr pge mca cmov pat pse36 clflush dts acpi mmx fxsr sse sse2 ss ht tm pbe syscall nx rdtscp lm constant_tsc arch_perfmon pebs bts rep_good nopl xtopology nonstop_tsc aperfmperf eagerfpu pni pclmulqdq dtes64 monitor ds_cpl vmx est tm2 ssse3 cx16 xtpr pdcm pcid sse4_1 sse4_2 x2apic popcnt tsc_deadline_timer aes xsave avx f16c rdrand lahf_lm ida arat epb xsaveopt pln pts dtherm tpr_shadow vnmi flexpriority ept vpid fsgsbase smep erms
bogomips	: 4988.72
clflush size	: 64
cache_alignment	: 64
address sizes	: 36 bits physical, 48 bits virtual
power management:

processor	: 1
vendor_id	: GenuineIntel
cpu family	: 6
model		: 58
model name	: Intel(R) Core(TM) i5-3210M CPU @ 2.50GHz
stepping	: 9
microcode	: 0x12
cpu MHz		: 2501.000
cache size	: 3072 KB
physical id	: 0
siblings	: 4
core id		: 0
cpu cores	: 2
apicid		: 1
initial apicid	: 1
fpu		: yes
fpu_exception	: yes
cpuid level	: 13
wp		: yes
flags		: fpu vme de pse tsc msr pae mce cx8 apic sep mtrr pge mca cmov pat pse36 clflush dts acpi mmx fxsr sse sse2 ss ht tm pbe syscall nx rdtscp lm constant_tsc arch_perfmon pebs bts rep_good nopl xtopology nonstop_tsc aperfmperf eagerfpu pni pclmulqdq dtes64 monitor ds_cpl vmx est tm2 ssse3 cx16 xtpr pdcm pcid sse4_1 sse4_2 x2apic popcnt tsc_deadline_timer aes xsave avx f16c rdrand lahf_lm ida arat epb xsaveopt pln pts dtherm tpr_shadow vnmi flexpriority ept vpid fsgsbase smep erms
bogomips	: 4988.72
clflush size	: 64
cache_alignment	: 64
address sizes	: 36 bits physical, 48 bits virtual
power management:

processor	: 2
vendor_id	: GenuineIntel
cpu family	: 6
model		: 58
model name	: Intel(R) Core(TM) i5-3210M CPU @ 2.50GHz
stepping	: 9
microcode	: 0x12
cpu MHz		: 2501.000
cache size	: 3072 KB
physical id	: 0
siblings	: 4
core id		: 1
cpu cores	: 2
apicid		: 2
initial apicid	: 2
fpu		: yes
fpu_exception	: yes
cpuid level	: 13
wp		: yes
flags		: fpu vme de pse tsc msr pae mce cx8 apic sep mtrr pge mca cmov pat pse36 clflush dts acpi mmx fxsr sse sse2 ss ht tm pbe syscall nx rdtscp lm constant_tsc arch_perfmon pebs bts rep_good nopl xtopology nonstop_tsc aperfmperf eagerfpu pni pclmulqdq dtes64 monitor ds_cpl vmx est tm2 ssse3 cx16 xtpr pdcm pcid sse4_1 sse4_2 x2apic popcnt tsc_deadline_timer aes xsave avx f16c rdrand lahf_lm ida arat epb xsaveopt pln pts dtherm tpr_shadow vnmi flexpriority ept vpid fsgsbase smep erms
bogomips	: 4988.72
clflush size	: 64
cache_alignment	: 64
address sizes	: 36 bits physical, 48 bits virtual
power management:

processor	: 3
vendor_id	: GenuineIntel
cpu family	: 6
model		: 58
model name	: Intel(R) Core(TM) i5-3210M CPU @ 2.50GHz
stepping	: 9
microcode	: 0x12
cpu MHz		: 2501.000
cache size	: 3072 KB
physical id	: 0
siblings	: 4
core id		: 1
cpu cores	: 2
apicid		: 3
initial apicid	: 3
fpu		: yes
fpu_exception	: yes
cpuid level	: 13
wp		: yes
flags		: fpu vme de pse tsc msr pae mce cx8 apic sep mtrr pge mca cmov pat pse36 clflush dts acpi mmx fxsr sse sse2 ss ht tm pbe syscall nx rdtscp lm constant_tsc arch_perfmon pebs bts rep_good nopl xtopology nonstop_tsc aperfmperf eagerfpu pni pclmulqdq dtes64 monitor ds_cpl vmx est tm2 ssse3 cx16 xtpr pdcm pcid sse4_1 sse4_2 x2apic popcnt tsc_deadline_timer aes xsave avx f16c rdrand lahf_lm ida arat epb xsaveopt pln pts dtherm tpr_shadow vnmi flexpriority ept vpid fsgsbase smep erms
bogomips	: 4988.72
clflush size	: 64
cache_alignment	: 64
address sizes	: 36 bits physical, 48 bits virtual
power management:



Memory: 4k page, physical 3948008k(218632k free), swap 0k(0k free)

vm_info: OpenJDK 64-Bit Server VM (24.65-b04) for linux-amd64 JRE (1.7.0_65-b32), built on Oct 22 2014 04:37:44 by "buildd" with gcc 4.8.2

time: Wed Feb  4 19:58:31 2015
elapsed time: 19 seconds

