#
# There is insufficient memory for the Java Runtime Environment to continue.
# Native memory allocation (malloc) failed to allocate 72351744 bytes for committing reserved memory.
# Possible reasons:
#   The system is out of physical RAM or swap space
#   In 32 bit mode, the process size limit was hit
# Possible solutions:
#   Reduce memory load on the system
#   Increase physical memory or swap space
#   Check if swap backing store is full
#   Use 64 bit Java on a 64 bit OS
#   Decrease Java heap size (-Xmx/-Xms)
#   Decrease number of Java threads
#   Decrease Java thread stack sizes (-Xss)
#   Set larger code cache with -XX:ReservedCodeCacheSize=
# This output file may be truncated or incomplete.
#
#  Out of Memory Error (os_linux.cpp:2798), pid=16524, tid=140104728282880
#
# JRE version: OpenJDK Runtime Environment (7.0_65-b32) (build 1.7.0_65-b32)
# Java VM: OpenJDK 64-Bit Server VM (24.65-b04 mixed mode linux-amd64 compressed oops)
# Derivative: IcedTea 2.5.3
# Distribution: Ubuntu 14.04 LTS, package 7u71-2.5.3-0ubuntu0.14.04.1
# Failed to write core dump. Core dumps have been disabled. To enable core dumping, try "ulimit -c unlimited" before starting Java again
#

---------------  T H R E A D  ---------------

Current thread (0x00007f6cb013c800):  VMThread [stack: 0x00007f6cac7f8000,0x00007f6cac8f9000] [id=16576]

Stack: [0x00007f6cac7f8000,0x00007f6cac8f9000],  sp=0x00007f6cac8f7490,  free space=1021k
Native frames: (J=compiled Java code, j=interpreted, Vv=VM code, C=native code)
V  [libjvm.so+0x948b05]  VMError::report_and_die()+0x175
V  [libjvm.so+0x48bc34]  report_vm_out_of_memory(char const*, int, unsigned long, char const*)+0x74
V  [libjvm.so+0x7c7bfb]  os::pd_commit_memory(char*, unsigned long, unsigned long, bool)+0xeb
V  [libjvm.so+0x7c26bf]  os::commit_memory(char*, unsigned long, unsigned long, bool)+0x1f
V  [libjvm.so+0x833e4b]  PSVirtualSpace::expand_by(unsigned long)+0x5b
V  [libjvm.so+0x834ca0]  PSYoungGen::resize_generation(unsigned long, unsigned long)+0xb0
V  [libjvm.so+0x83538b]  PSYoungGen::resize(unsigned long, unsigned long)+0x1b
V  [libjvm.so+0x831670]  PSScavenge::invoke_no_policy()+0xde0
V  [libjvm.so+0x831e48]  PSScavenge::invoke()+0x38
V  [libjvm.so+0x7e8823]  ParallelScavengeHeap::failed_mem_allocate(unsigned long)+0x63
V  [libjvm.so+0x94a504]  VM_ParallelGCFailedAllocation::doit()+0x84
V  [libjvm.so+0x94e9f7]  VM_Operation::evaluate()+0x47
V  [libjvm.so+0x94d368]  VMThread::evaluate_operation(VM_Operation*)+0x318
V  [libjvm.so+0x94d7c9]  VMThread::loop()+0x219
V  [libjvm.so+0x94dc12]  VMThread::run()+0x72
V  [libjvm.so+0x7c4ac2]  java_start(Thread*)+0xf2

VM_Operation (0x00007f6cb89f0e50): ParallelGCFailedAllocation, mode: safepoint, requested by thread 0x00007f6cb000a000


---------------  P R O C E S S  ---------------

Java Threads: ( => current thread )
  0x00007f6cb0177800 JavaThread "Service Thread" daemon [_thread_blocked, id=16590, stack(0x00007f6ca59cf000,0x00007f6ca5ad0000)]
  0x00007f6cb0175000 JavaThread "C2 CompilerThread1" daemon [_thread_blocked, id=16589, stack(0x00007f6cac02a000,0x00007f6cac12b000)]
  0x00007f6cb0172000 JavaThread "C2 CompilerThread0" daemon [_thread_blocked, id=16588, stack(0x00007f6cac12b000,0x00007f6cac22c000)]
  0x00007f6cb0170000 JavaThread "Signal Dispatcher" daemon [_thread_blocked, id=16587, stack(0x00007f6cac22c000,0x00007f6cac32d000)]
  0x00007f6cb0143000 JavaThread "Finalizer" daemon [_thread_blocked, id=16583, stack(0x00007f6cac5f6000,0x00007f6cac6f7000)]
  0x00007f6cb0141000 JavaThread "Reference Handler" daemon [_thread_blocked, id=16582, stack(0x00007f6cac6f7000,0x00007f6cac7f8000)]
  0x00007f6cb000a000 JavaThread "main" [_thread_blocked, id=16557, stack(0x00007f6cb88f2000,0x00007f6cb89f3000)]

Other Threads:
=>0x00007f6cb013c800 VMThread [stack: 0x00007f6cac7f8000,0x00007f6cac8f9000] [id=16576]
  0x00007f6cb0182000 WatcherThread [stack: 0x00007f6ca58ce000,0x00007f6ca59cf000] [id=16593]

VM state:at safepoint (normal execution)

VM Mutex/Monitor currently owned by a thread:  ([mutex/lock_event])
[0x00007f6cb00067b0] Threads_lock - owner thread: 0x00007f6cb013c800
[0x00007f6cb0006cb0] Heap_lock - owner thread: 0x00007f6cb000a000

Heap
 PSYoungGen      total 71168K, used 9195K [0x00000000eaa80000, 0x00000000efa80000, 0x0000000100000000)
  eden space 61952K, 0% used [0x00000000eaa80000,0x00000000eaa80000,0x00000000ee700000)
  from space 9216K, 99% used [0x00000000ee700000,0x00000000eeffafa0,0x00000000ef000000)
  to   space 7680K, 0% used [0x00000000ef000000,0x00000000ef000000,0x00000000ef780000)
 ParOldGen       total 40960K, used 22169K [0x00000000c0000000, 0x00000000c2800000, 0x00000000eaa80000)
  object space 40960K, 54% used [0x00000000c0000000,0x00000000c15a6798,0x00000000c2800000)
 PSPermGen       total 21504K, used 5922K [0x00000000b5a00000, 0x00000000b6f00000, 0x00000000c0000000)
  object space 21504K, 27% used [0x00000000b5a00000,0x00000000b5fc8920,0x00000000b6f00000)

Card table byte_map: [0x00007f6cb52eb000,0x00007f6cb553f000] byte_map_base: 0x00007f6cb4d3e000

Polling page: 0x00007f6cb8a19000

Code Cache  [0x00007f6cad000000, 0x00007f6cad270000, 0x00007f6cb0000000)
 total_blobs=811 nmethods=583 adapters=181 free_code_cache=46902Kb largest_free_block=47974784

Compilation events (10 events):
Event: 12.039 Thread 0x00007f6cb0172000 nmethod 589 0x00007f6cad22c950 code [0x00007f6cad22ca80, 0x00007f6cad22cad8]
Event: 12.039 Thread 0x00007f6cb0172000  590             com.android.dx.dex.code.RopTranslator$LocalVariableAwareTranslationVisitor::visitThrowingCstInsn (11 bytes)
Event: 12.063 Thread 0x00007f6cb0172000 nmethod 590 0x00007f6cad2332d0 code [0x00007f6cad233580, 0x00007f6cad2342e0]
Event: 12.063 Thread 0x00007f6cb0172000  591             com.android.dx.rop.cst.CstString::stringToUtf8Bytes (175 bytes)
Event: 12.091 Thread 0x00007f6cb0172000 nmethod 591 0x00007f6cad22af50 code [0x00007f6cad22b0c0, 0x00007f6cad22b7b8]
Event: 12.091 Thread 0x00007f6cb0172000  592             java.util.TreeMap::get (19 bytes)
Event: 12.094 Thread 0x00007f6cb0172000 nmethod 592 0x00007f6cad22ab50 code [0x00007f6cad22aca0, 0x00007f6cad22add8]
Event: 12.094 Thread 0x00007f6cb0172000  593   !         com.android.dx.rop.type.Prototype::intern (233 bytes)
Event: 12.137 Thread 0x00007f6cb0175000 nmethod 569 0x00007f6cad238fd0 code [0x00007f6cad239500, 0x00007f6cad23c188]
Event: 12.137 Thread 0x00007f6cb0175000  594             com.android.dx.dex.file.AnnotationUtils::makeSignature (251 bytes)

GC Heap History (10 events):
Event: 3.716 GC heap after
Heap after GC invocations=2 (full 0):
 PSYoungGen      total 18432K, used 2539K [0x00000000eaa80000, 0x00000000ece80000, 0x0000000100000000)
  eden space 15872K, 0% used [0x00000000eaa80000,0x00000000eaa80000,0x00000000eba00000)
  from space 2560K, 99% used [0x00000000ebc80000,0x00000000ebefaef0,0x00000000ebf00000)
  to   space 2560K, 0% used [0x00000000eba00000,0x00000000eba00000,0x00000000ebc80000)
 ParOldGen       total 40960K, used 3455K [0x00000000c0000000, 0x00000000c2800000, 0x00000000eaa80000)
  object space 40960K, 8% used [0x00000000c0000000,0x00000000c035fc08,0x00000000c2800000)
 PSPermGen       total 21504K, used 5762K [0x00000000b5a00000, 0x00000000b6f00000, 0x00000000c0000000)
  object space 21504K, 26% used [0x00000000b5a00000,0x00000000b5fa0910,0x00000000b6f00000)
}
Event: 5.653 GC heap before
{Heap before GC invocations=3 (full 0):
 PSYoungGen      total 18432K, used 18411K [0x00000000eaa80000, 0x00000000ece80000, 0x0000000100000000)
  eden space 15872K, 100% used [0x00000000eaa80000,0x00000000eba00000,0x00000000eba00000)
  from space 2560K, 99% used [0x00000000ebc80000,0x00000000ebefaef0,0x00000000ebf00000)
  to   space 2560K, 0% used [0x00000000eba00000,0x00000000eba00000,0x00000000ebc80000)
 ParOldGen       total 40960K, used 3455K [0x00000000c0000000, 0x00000000c2800000, 0x00000000eaa80000)
  object space 40960K, 8% used [0x00000000c0000000,0x00000000c035fc08,0x00000000c2800000)
 PSPermGen       total 21504K, used 5806K [0x00000000b5a00000, 0x00000000b6f00000, 0x00000000c0000000)
  object space 21504K, 27% used [0x00000000b5a00000,0x00000000b5fabbf8,0x00000000b6f00000)
Event: 5.676 GC heap after
Heap after GC invocations=3 (full 0):
 PSYoungGen      total 18432K, used 2528K [0x00000000eaa80000, 0x00000000ece80000, 0x0000000100000000)
  eden space 15872K, 0% used [0x00000000eaa80000,0x00000000eaa80000,0x00000000eba00000)
  from space 2560K, 98% used [0x00000000eba00000,0x00000000ebc78028,0x00000000ebc80000)
  to   space 2560K, 0% used [0x00000000ecc00000,0x00000000ecc00000,0x00000000ece80000)
 ParOldGen       total 40960K, used 5567K [0x00000000c0000000, 0x00000000c2800000, 0x00000000eaa80000)
  object space 40960K, 13% used [0x00000000c0000000,0x00000000c056fc50,0x00000000c2800000)
 PSPermGen       total 21504K, used 5806K [0x00000000b5a00000, 0x00000000b6f00000, 0x00000000c0000000)
  object space 21504K, 27% used [0x00000000b5a00000,0x00000000b5fabbf8,0x00000000b6f00000)
}
Event: 7.063 GC heap before
{Heap before GC invocations=4 (full 0):
 PSYoungGen      total 18432K, used 18400K [0x00000000eaa80000, 0x00000000ece80000, 0x0000000100000000)
  eden space 15872K, 100% used [0x00000000eaa80000,0x00000000eba00000,0x00000000eba00000)
  from space 2560K, 98% used [0x00000000eba00000,0x00000000ebc78028,0x00000000ebc80000)
  to   space 2560K, 0% used [0x00000000ecc00000,0x00000000ecc00000,0x00000000ece80000)
 ParOldGen       total 40960K, used 5567K [0x00000000c0000000, 0x00000000c2800000, 0x00000000eaa80000)
  object space 40960K, 13% used [0x00000000c0000000,0x00000000c056fc50,0x00000000c2800000)
 PSPermGen       total 21504K, used 5831K [0x00000000b5a00000, 0x00000000b6f00000, 0x00000000c0000000)
  object space 21504K, 27% used [0x00000000b5a00000,0x00000000b5fb1e38,0x00000000b6f00000)
Event: 7.083 GC heap after
Heap after GC invocations=4 (full 0):
 PSYoungGen      total 34304K, used 2543K [0x00000000eaa80000, 0x00000000ece80000, 0x0000000100000000)
  eden space 31744K, 0% used [0x00000000eaa80000,0x00000000eaa80000,0x00000000ec980000)
  from space 2560K, 99% used [0x00000000ecc00000,0x00000000ece7bd38,0x00000000ece80000)
  to   space 2560K, 0% used [0x00000000ec980000,0x00000000ec980000,0x00000000ecc00000)
 ParOldGen       total 40960K, used 7867K [0x00000000c0000000, 0x00000000c2800000, 0x00000000eaa80000)
  object space 40960K, 19% used [0x00000000c0000000,0x00000000c07aec68,0x00000000c2800000)
 PSPermGen       total 21504K, used 5831K [0x00000000b5a00000, 0x00000000b6f00000, 0x00000000c0000000)
  object space 21504K, 27% used [0x00000000b5a00000,0x00000000b5fb1e38,0x00000000b6f00000)
}
Event: 9.149 GC heap before
{Heap before GC invocations=5 (full 0):
 PSYoungGen      total 34304K, used 34287K [0x00000000eaa80000, 0x00000000ece80000, 0x0000000100000000)
  eden space 31744K, 100% used [0x00000000eaa80000,0x00000000ec980000,0x00000000ec980000)
  from space 2560K, 99% used [0x00000000ecc00000,0x00000000ece7bd38,0x00000000ece80000)
  to   space 2560K, 0% used [0x00000000ec980000,0x00000000ec980000,0x00000000ecc00000)
 ParOldGen       total 40960K, used 7867K [0x00000000c0000000, 0x00000000c2800000, 0x00000000eaa80000)
  object space 40960K, 19% used [0x00000000c0000000,0x00000000c07aec68,0x00000000c2800000)
 PSPermGen       total 21504K, used 5865K [0x00000000b5a00000, 0x00000000b6f00000, 0x00000000c0000000)
  object space 21504K, 27% used [0x00000000b5a00000,0x00000000b5fba450,0x00000000b6f00000)
Event: 9.183 GC heap after
Heap after GC invocations=5 (full 0):
 PSYoungGen      total 34304K, used 2545K [0x00000000eaa80000, 0x00000000ef780000, 0x0000000100000000)
  eden space 31744K, 0% used [0x00000000eaa80000,0x00000000eaa80000,0x00000000ec980000)
  from space 2560K, 99% used [0x00000000ec980000,0x00000000ecbfc4d0,0x00000000ecc00000)
  to   space 7680K, 0% used [0x00000000ef000000,0x00000000ef000000,0x00000000ef780000)
 ParOldGen       total 40960K, used 13410K [0x00000000c0000000, 0x00000000c2800000, 0x00000000eaa80000)
  object space 40960K, 32% used [0x00000000c0000000,0x00000000c0d18b48,0x00000000c2800000)
 PSPermGen       total 21504K, used 5865K [0x00000000b5a00000, 0x00000000b6f00000, 0x00000000c0000000)
  object space 21504K, 27% used [0x00000000b5a00000,0x00000000b5fba450,0x00000000b6f00000)
}
Event: 10.521 GC heap before
{Heap before GC invocations=6 (full 0):
 PSYoungGen      total 34304K, used 34289K [0x00000000eaa80000, 0x00000000ef780000, 0x0000000100000000)
  eden space 31744K, 100% used [0x00000000eaa80000,0x00000000ec980000,0x00000000ec980000)
  from space 2560K, 99% used [0x00000000ec980000,0x00000000ecbfc4d0,0x00000000ecc00000)
  to   space 7680K, 0% used [0x00000000ef000000,0x00000000ef000000,0x00000000ef780000)
 ParOldGen       total 40960K, used 13410K [0x00000000c0000000, 0x00000000c2800000, 0x00000000eaa80000)
  object space 40960K, 32% used [0x00000000c0000000,0x00000000c0d18b48,0x00000000c2800000)
 PSPermGen       total 21504K, used 5886K [0x00000000b5a00000, 0x00000000b6f00000, 0x00000000c0000000)
  object space 21504K, 27% used [0x00000000b5a00000,0x00000000b5fbfab0,0x00000000b6f00000)
Event: 10.560 GC heap after
Heap after GC invocations=6 (full 0):
 PSYoungGen      total 69632K, used 7648K [0x00000000eaa80000, 0x00000000efa80000, 0x0000000100000000)
  eden space 61952K, 0% used [0x00000000eaa80000,0x00000000eaa80000,0x00000000ee700000)
  from space 7680K, 99% used [0x00000000ef000000,0x00000000ef778180,0x00000000ef780000)
  to   space 9216K, 0% used [0x00000000ee700000,0x00000000ee700000,0x00000000ef000000)
 ParOldGen       total 40960K, used 13897K [0x00000000c0000000, 0x00000000c2800000, 0x00000000eaa80000)
  object space 40960K, 33% used [0x00000000c0000000,0x00000000c0d924b0,0x00000000c2800000)
 PSPermGen       total 21504K, used 5886K [0x00000000b5a00000, 0x00000000b6f00000, 0x00000000c0000000)
  object space 21504K, 27% used [0x00000000b5a00000,0x00000000b5fbfab0,0x00000000b6f00000)
}
Event: 12.180 GC heap before
{Heap before GC invocations=7 (full 0):
 PSYoungGen      total 69632K, used 69600K [0x00000000eaa80000, 0x00000000efa80000, 0x0000000100000000)
  eden space 61952K, 100% used [0x00000000eaa80000,0x00000000ee700000,0x00000000ee700000)
  from space 7680K, 99% used [0x00000000ef000000,0x00000000ef778180,0x00000000ef780000)
  to   space 9216K, 0% used [0x00000000ee700000,0x00000000ee700000,0x00000000ef000000)
 ParOldGen       total 40960K, used 13897K [0x00000000c0000000, 0x00000000c2800000, 0x00000000eaa80000)
  object space 40960K, 33% used [0x00000000c0000000,0x00000000c0d924b0,0x00000000c2800000)
 PSPermGen       total 21504K, used 5922K [0x00000000b5a00000, 0x00000000b6f00000, 0x00000000c0000000)
  object space 21504K, 27% used [0x00000000b5a00000,0x00000000b5fc8920,0x00000000b6f00000)

Deoptimization events (10 events):
Event: 6.257 Thread 0x00007f6cb000a000 Uncommon trap: reason=class_check action=maybe_recompile pc=0x00007f6cad0e240c method=com.android.dx.ssa.SCCP.simulatePhi(Lcom/android/dx/ssa/PhiInsn;)V @ 124
Event: 7.172 Thread 0x00007f6cb000a000 Uncommon trap: reason=bimorphic action=maybe_recompile pc=0x00007f6cad13eb24 method=com.android.dx.cf.code.BytecodeArray.parseInstruction(ILcom/android/dx/cf/code/BytecodeArray$Visitor;)I @ 2281
Event: 7.173 Thread 0x00007f6cb000a000 Uncommon trap: reason=bimorphic action=maybe_recompile pc=0x00007f6cad13eb24 method=com.android.dx.cf.code.BytecodeArray.parseInstruction(ILcom/android/dx/cf/code/BytecodeArray$Visitor;)I @ 2281
Event: 7.680 Thread 0x00007f6cb000a000 Uncommon trap: reason=class_check action=maybe_recompile pc=0x00007f6cad11fc38 method=com.android.dx.ssa.SCCP.simulatePhi(Lcom/android/dx/ssa/PhiInsn;)V @ 124
Event: 8.721 Thread 0x00007f6cb000a000 Uncommon trap: reason=unreached action=reinterpret pc=0x00007f6cad1339a4 method=com.android.dx.cf.code.BaseMachine.getLocalTarget(Z)Lcom/android/dx/rop/code/RegisterSpec; @ 131
Event: 9.679 Thread 0x00007f6cb000a000 Uncommon trap: reason=unreached action=reinterpret pc=0x00007f6cad0ece18 method=com.android.dx.rop.code.LocalVariableExtractor.processBlock(I)V @ 195
Event: 11.488 Thread 0x00007f6cb000a000 Uncommon trap: reason=class_check action=maybe_recompile pc=0x00007f6cad0e240c method=com.android.dx.ssa.SCCP.simulatePhi(Lcom/android/dx/ssa/PhiInsn;)V @ 124
Event: 11.891 Thread 0x00007f6cb000a000 Uncommon trap: reason=bimorphic action=maybe_recompile pc=0x00007f6cad13c578 method=com.android.dx.cf.code.BytecodeArray.parseInstruction(ILcom/android/dx/cf/code/BytecodeArray$Visitor;)I @ 1501
Event: 11.900 Thread 0x00007f6cb000a000 Uncommon trap: reason=bimorphic action=maybe_recompile pc=0x00007f6cad13c578 method=com.android.dx.cf.code.BytecodeArray.parseInstruction(ILcom/android/dx/cf/code/BytecodeArray$Visitor;)I @ 1501
Event: 12.023 Thread 0x00007f6cb000a000 Uncommon trap: reason=null_check action=make_not_entrant pc=0x00007f6cad2187cc method=com.android.dx.dex.file.FieldIdsSection.intern(Lcom/android/dx/rop/cst/CstFieldRef;)Lcom/android/dx/dex/file/FieldIdItem; @ 26

Internal exceptions (10 events):
Event: 3.291 Thread 0x00007f6cb000a000 Threw 0x00000000eb745e40 at /build/buildd/openjdk-7-7u71-2.5.3/build/openjdk/hotspot/src/share/vm/prims/jvm.cpp:1284
Event: 3.293 Thread 0x00007f6cb000a000 Threw 0x00000000eb754a18 at /build/buildd/openjdk-7-7u71-2.5.3/build/openjdk/hotspot/src/share/vm/prims/jvm.cpp:1284
Event: 3.639 Thread 0x00007f6cb000a000 Implicit null exception at 0x00007f6cad0a1392 to 0x00007f6cad0a1495
Event: 3.989 Thread 0x00007f6cb000a000 Threw 0x00000000eacaee60 at /build/buildd/openjdk-7-7u71-2.5.3/build/openjdk/hotspot/src/share/vm/prims/jvm.cpp:1284
Event: 4.052 Thread 0x00007f6cb000a000 Threw 0x00000000ead0cf20 at /build/buildd/openjdk-7-7u71-2.5.3/build/openjdk/hotspot/src/share/vm/prims/jvm.cpp:1284
Event: 5.696 Thread 0x00007f6cb000a000 Implicit null exception at 0x00007f6cad0f9bd3 to 0x00007f6cad0fa2fd
Event: 7.954 Thread 0x00007f6cb000a000 Threw 0x00000000eb64f228 at /build/buildd/openjdk-7-7u71-2.5.3/build/openjdk/hotspot/src/share/vm/prims/jvm.cpp:1284
Event: 8.231 Thread 0x00007f6cb000a000 Threw 0x00000000ebb04bb8 at /build/buildd/openjdk-7-7u71-2.5.3/build/openjdk/hotspot/src/share/vm/prims/jvm.cpp:1284
Event: 9.017 Thread 0x00007f6cb000a000 Threw 0x00000000ec664dc8 at /build/buildd/openjdk-7-7u71-2.5.3/build/openjdk/hotspot/src/share/vm/prims/jvm.cpp:1284
Event: 12.070 Thread 0x00007f6cb000a000 Threw 0x00000000ee248148 at /build/buildd/openjdk-7-7u71-2.5.3/build/openjdk/hotspot/src/share/vm/prims/jvm.cpp:1284

Events (10 events):
Event: 11.891 Thread 0x00007f6cb000a000 DEOPT UNPACKING pc=0x00007f6cad039445 sp=0x00007f6cb89f0cc0 mode 2
Event: 11.900 Thread 0x00007f6cb000a000 Uncommon trap: trap_request=0xffffffc6 fr.pc=0x00007f6cad13c578
Event: 11.900 Thread 0x00007f6cb000a000 DEOPT PACKING pc=0x00007f6cad13c578 sp=0x00007f6cb89f0df0
Event: 11.900 Thread 0x00007f6cb000a000 DEOPT UNPACKING pc=0x00007f6cad039445 sp=0x00007f6cb89f0da0 mode 2
Event: 12.023 Thread 0x00007f6cb000a000 Uncommon trap: trap_request=0xfffffff4 fr.pc=0x00007f6cad2187cc
Event: 12.023 Thread 0x00007f6cb000a000 DEOPT PACKING pc=0x00007f6cad2187cc sp=0x00007f6cb89f1270
Event: 12.023 Thread 0x00007f6cb000a000 DEOPT UNPACKING pc=0x00007f6cad039445 sp=0x00007f6cb89f11c8 mode 2
Event: 12.070 loading class 0x00007f6cb01dcaf0
Event: 12.070 loading class 0x00007f6cb01dcaf0 done
Event: 12.179 Executing VM operation: ParallelGCFailedAllocation


Dynamic libraries:
00400000-00401000 r-xp 00000000 08:06 1972470                            /usr/lib/jvm/java-7-openjdk-amd64/jre/bin/java
00600000-00601000 r--p 00000000 08:06 1972470                            /usr/lib/jvm/java-7-openjdk-amd64/jre/bin/java
00601000-00602000 rw-p 00001000 08:06 1972470                            /usr/lib/jvm/java-7-openjdk-amd64/jre/bin/java
01edf000-01f00000 rw-p 00000000 00:00 0                                  [heap]
b5a00000-b6f00000 rw-p 00000000 00:00 0 
b6f00000-c0000000 rw-p 00000000 00:00 0 
c0000000-c2800000 rw-p 00000000 00:00 0 
c2800000-eaa80000 rw-p 00000000 00:00 0 
eaa80000-efa80000 rw-p 00000000 00:00 0 
f3f80000-100000000 rw-p 00000000 00:00 0 
7f6c74000000-7f6c74021000 rw-p 00000000 00:00 0 
7f6c74021000-7f6c78000000 ---p 00000000 00:00 0 
7f6c7c000000-7f6c7d0e2000 rw-p 00000000 00:00 0 
7f6c7d0e2000-7f6c80000000 ---p 00000000 00:00 0 
7f6c80000000-7f6c80021000 rw-p 00000000 00:00 0 
7f6c80021000-7f6c84000000 ---p 00000000 00:00 0 
7f6c84000000-7f6c84021000 rw-p 00000000 00:00 0 
7f6c84021000-7f6c88000000 ---p 00000000 00:00 0 
7f6c88000000-7f6c89389000 rw-p 00000000 00:00 0 
7f6c89389000-7f6c8c000000 ---p 00000000 00:00 0 
7f6c8c000000-7f6c8c021000 rw-p 00000000 00:00 0 
7f6c8c021000-7f6c90000000 ---p 00000000 00:00 0 
7f6c90000000-7f6c90021000 rw-p 00000000 00:00 0 
7f6c90021000-7f6c94000000 ---p 00000000 00:00 0 
7f6c94000000-7f6c94021000 rw-p 00000000 00:00 0 
7f6c94021000-7f6c98000000 ---p 00000000 00:00 0 
7f6c98000000-7f6c98240000 rw-p 00000000 00:00 0 
7f6c98240000-7f6c9c000000 ---p 00000000 00:00 0 
7f6c9c000000-7f6c9c021000 rw-p 00000000 00:00 0 
7f6c9c021000-7f6ca0000000 ---p 00000000 00:00 0 
7f6ca0000000-7f6ca0021000 rw-p 00000000 00:00 0 
7f6ca0021000-7f6ca4000000 ---p 00000000 00:00 0 
7f6ca412e000-7f6ca416b000 r-xp 00000000 08:06 3017016                    /lib/x86_64-linux-gnu/libpcre.so.3.13.1
7f6ca416b000-7f6ca436a000 ---p 0003d000 08:06 3017016                    /lib/x86_64-linux-gnu/libpcre.so.3.13.1
7f6ca436a000-7f6ca436b000 r--p 0003c000 08:06 3017016                    /lib/x86_64-linux-gnu/libpcre.so.3.13.1
7f6ca436b000-7f6ca436c000 rw-p 0003d000 08:06 3017016                    /lib/x86_64-linux-gnu/libpcre.so.3.13.1
7f6ca436c000-7f6ca4373000 r-xp 00000000 08:06 1966223                    /usr/lib/x86_64-linux-gnu/libffi.so.6.0.1
7f6ca4373000-7f6ca4572000 ---p 00007000 08:06 1966223                    /usr/lib/x86_64-linux-gnu/libffi.so.6.0.1
7f6ca4572000-7f6ca4573000 r--p 00006000 08:06 1966223                    /usr/lib/x86_64-linux-gnu/libffi.so.6.0.1
7f6ca4573000-7f6ca4574000 rw-p 00007000 08:06 1966223                    /usr/lib/x86_64-linux-gnu/libffi.so.6.0.1
7f6ca4574000-7f6ca458b000 r-xp 00000000 08:06 3014724                    /lib/x86_64-linux-gnu/libresolv-2.19.so
7f6ca458b000-7f6ca478b000 ---p 00017000 08:06 3014724                    /lib/x86_64-linux-gnu/libresolv-2.19.so
7f6ca478b000-7f6ca478c000 r--p 00017000 08:06 3014724                    /lib/x86_64-linux-gnu/libresolv-2.19.so
7f6ca478c000-7f6ca478d000 rw-p 00018000 08:06 3014724                    /lib/x86_64-linux-gnu/libresolv-2.19.so
7f6ca478d000-7f6ca478f000 rw-p 00000000 00:00 0 
7f6ca478f000-7f6ca47af000 r-xp 00000000 08:06 3018498                    /lib/x86_64-linux-gnu/libselinux.so.1
7f6ca47af000-7f6ca49ae000 ---p 00020000 08:06 3018498                    /lib/x86_64-linux-gnu/libselinux.so.1
7f6ca49ae000-7f6ca49af000 r--p 0001f000 08:06 3018498                    /lib/x86_64-linux-gnu/libselinux.so.1
7f6ca49af000-7f6ca49b0000 rw-p 00020000 08:06 3018498                    /lib/x86_64-linux-gnu/libselinux.so.1
7f6ca49b0000-7f6ca49b2000 rw-p 00000000 00:00 0 
7f6ca49b2000-7f6ca49b5000 r-xp 00000000 08:06 1968067                    /usr/lib/x86_64-linux-gnu/libgmodule-2.0.so.0.4002.0
7f6ca49b5000-7f6ca4bb4000 ---p 00003000 08:06 1968067                    /usr/lib/x86_64-linux-gnu/libgmodule-2.0.so.0.4002.0
7f6ca4bb4000-7f6ca4bb5000 r--p 00002000 08:06 1968067                    /usr/lib/x86_64-linux-gnu/libgmodule-2.0.so.0.4002.0
7f6ca4bb5000-7f6ca4bb6000 rw-p 00003000 08:06 1968067                    /usr/lib/x86_64-linux-gnu/libgmodule-2.0.so.0.4002.0
7f6ca4bb6000-7f6ca4cbc000 r-xp 00000000 08:06 3016239                    /lib/x86_64-linux-gnu/libglib-2.0.so.0.4002.0
7f6ca4cbc000-7f6ca4ebb000 ---p 00106000 08:06 3016239                    /lib/x86_64-linux-gnu/libglib-2.0.so.0.4002.0
7f6ca4ebb000-7f6ca4ebc000 r--p 00105000 08:06 3016239                    /lib/x86_64-linux-gnu/libglib-2.0.so.0.4002.0
7f6ca4ebc000-7f6ca4ebd000 rw-p 00106000 08:06 3016239                    /lib/x86_64-linux-gnu/libglib-2.0.so.0.4002.0
7f6ca4ebd000-7f6ca4ebe000 rw-p 00000000 00:00 0 
7f6ca4ebe000-7f6ca4f0d000 r-xp 00000000 08:06 1968068                    /usr/lib/x86_64-linux-gnu/libgobject-2.0.so.0.4002.0
7f6ca4f0d000-7f6ca510d000 ---p 0004f000 08:06 1968068                    /usr/lib/x86_64-linux-gnu/libgobject-2.0.so.0.4002.0
7f6ca510d000-7f6ca510e000 r--p 0004f000 08:06 1968068                    /usr/lib/x86_64-linux-gnu/libgobject-2.0.so.0.4002.0
7f6ca510e000-7f6ca510f000 rw-p 00050000 08:06 1968068                    /usr/lib/x86_64-linux-gnu/libgobject-2.0.so.0.4002.0
7f6ca510f000-7f6ca527b000 r-xp 00000000 08:06 1968070                    /usr/lib/x86_64-linux-gnu/libgio-2.0.so.0.4002.0
7f6ca527b000-7f6ca547a000 ---p 0016c000 08:06 1968070                    /usr/lib/x86_64-linux-gnu/libgio-2.0.so.0.4002.0
7f6ca547a000-7f6ca547e000 r--p 0016b000 08:06 1968070                    /usr/lib/x86_64-linux-gnu/libgio-2.0.so.0.4002.0
7f6ca547e000-7f6ca5480000 rw-p 0016f000 08:06 1968070                    /usr/lib/x86_64-linux-gnu/libgio-2.0.so.0.4002.0
7f6ca5480000-7f6ca5482000 rw-p 00000000 00:00 0 
7f6ca54a4000-7f6ca54bb000 r-xp 00000000 08:06 1972002                    /usr/lib/jvm/java-7-openjdk-amd64/jre/lib/amd64/libnet.so
7f6ca54bb000-7f6ca56ba000 ---p 00017000 08:06 1972002                    /usr/lib/jvm/java-7-openjdk-amd64/jre/lib/amd64/libnet.so
7f6ca56ba000-7f6ca56bb000 r--p 00016000 08:06 1972002                    /usr/lib/jvm/java-7-openjdk-amd64/jre/lib/amd64/libnet.so
7f6ca56bb000-7f6ca56bc000 rw-p 00017000 08:06 1972002                    /usr/lib/jvm/java-7-openjdk-amd64/jre/lib/amd64/libnet.so
7f6ca56bc000-7f6ca56cc000 r-xp 00000000 08:06 1972044                    /usr/lib/jvm/java-7-openjdk-amd64/jre/lib/amd64/libnio.so
7f6ca56cc000-7f6ca58cc000 ---p 00010000 08:06 1972044                    /usr/lib/jvm/java-7-openjdk-amd64/jre/lib/amd64/libnio.so
7f6ca58cc000-7f6ca58cd000 r--p 00010000 08:06 1972044                    /usr/lib/jvm/java-7-openjdk-amd64/jre/lib/amd64/libnio.so
7f6ca58cd000-7f6ca58ce000 rw-p 00011000 08:06 1972044                    /usr/lib/jvm/java-7-openjdk-amd64/jre/lib/amd64/libnio.so
7f6ca58ce000-7f6ca58cf000 ---p 00000000 00:00 0 
7f6ca58cf000-7f6ca59cf000 rw-p 00000000 00:00 0                          [stack:16593]
7f6ca59cf000-7f6ca59d2000 ---p 00000000 00:00 0 
7f6ca59d2000-7f6ca8000000 rw-p 00000000 00:00 0                          [stack:16590]
7f6ca8000000-7f6ca8021000 rw-p 00000000 00:00 0 
7f6ca8021000-7f6cac000000 ---p 00000000 00:00 0 
7f6cac019000-7f6cac02a000 r--s 000aa000 08:06 2808003                    /home/saumya/AndroidStudioProjects/CouponDuniaApp/app/build/intermediates/exploded-aar/com.android.support/support-v4/21.0.3/classes.jar
7f6cac02a000-7f6cac02d000 ---p 00000000 00:00 0 
7f6cac02d000-7f6cac12b000 rw-p 00000000 00:00 0                          [stack:16589]
7f6cac12b000-7f6cac12e000 ---p 00000000 00:00 0 
7f6cac12e000-7f6cac22c000 rw-p 00000000 00:00 0                          [stack:16588]
7f6cac22c000-7f6cac22f000 ---p 00000000 00:00 0 
7f6cac22f000-7f6cac32d000 rw-p 00000000 00:00 0                          [stack:16587]
7f6cac32d000-7f6cac5f6000 r--p 00000000 08:06 1966276                    /usr/lib/locale/locale-archive
7f6cac5f6000-7f6cac5f9000 ---p 00000000 00:00 0 
7f6cac5f9000-7f6cac6f7000 rw-p 00000000 00:00 0                          [stack:16583]
7f6cac6f7000-7f6cac6fa000 ---p 00000000 00:00 0 
7f6cac6fa000-7f6cac7f8000 rw-p 00000000 00:00 0                          [stack:16582]
7f6cac7f8000-7f6cac7f9000 ---p 00000000 00:00 0 
7f6cac7f9000-7f6cad000000 rw-p 00000000 00:00 0                          [stack:16576]
7f6cad000000-7f6cad270000 rwxp 00000000 00:00 0 
7f6cad270000-7f6cb031f000 rw-p 00000000 00:00 0 
7f6cb031f000-7f6cb4000000 ---p 00000000 00:00 0 
7f6cb4009000-7f6cb4018000 r--s 000dd000 08:06 2132276                    /home/saumya/myAndroid/sdk/build-tools/21.1.2/lib/dx.jar
7f6cb4018000-7f6cb4869000 rw-p 00000000 00:00 0 
7f6cb4869000-7f6cb4a1a000 r--s 01d25000 08:06 1972278                    /usr/lib/jvm/java-7-openjdk-amd64/jre/lib/rt.jar
7f6cb4a1a000-7f6cb4d3e000 rw-p 00000000 00:00 0 
7f6cb4d3e000-7f6cb4d3f000 ---p 00000000 00:00 0 
7f6cb4d3f000-7f6cb4e3f000 rw-p 00000000 00:00 0                          [stack:16574]
7f6cb4e3f000-7f6cb4e40000 ---p 00000000 00:00 0 
7f6cb4e40000-7f6cb4f40000 rw-p 00000000 00:00 0                          [stack:16573]
7f6cb4f40000-7f6cb4f41000 ---p 00000000 00:00 0 
7f6cb4f41000-7f6cb5041000 rw-p 00000000 00:00 0                          [stack:16572]
7f6cb5041000-7f6cb5042000 ---p 00000000 00:00 0 
7f6cb5042000-7f6cb514d000 rw-p 00000000 00:00 0                          [stack:16571]
7f6cb514d000-7f6cb5195000 rw-p 00000000 00:00 0 
7f6cb5195000-7f6cb51a9000 rw-p 00000000 00:00 0 
7f6cb51a9000-7f6cb52eb000 rw-p 00000000 00:00 0 
7f6cb52eb000-7f6cb52f6000 rw-p 00000000 00:00 0 
7f6cb52f6000-7f6cb533e000 rw-p 00000000 00:00 0 
7f6cb533e000-7f6cb5352000 rw-p 00000000 00:00 0 
7f6cb5352000-7f6cb5493000 rw-p 00000000 00:00 0 
7f6cb5493000-7f6cb54bc000 rw-p 00000000 00:00 0 
7f6cb54bc000-7f6cb553e000 rw-p 00000000 00:00 0 
7f6cb553e000-7f6cb553f000 rw-p 00000000 00:00 0 
7f6cb553f000-7f6cb5547000 r-xp 00000000 08:06 1971994                    /usr/lib/jvm/java-7-openjdk-amd64/jre/lib/amd64/libzip.so
7f6cb5547000-7f6cb5746000 ---p 00008000 08:06 1971994                    /usr/lib/jvm/java-7-openjdk-amd64/jre/lib/amd64/libzip.so
7f6cb5746000-7f6cb5747000 r--p 00007000 08:06 1971994                    /usr/lib/jvm/java-7-openjdk-amd64/jre/lib/amd64/libzip.so
7f6cb5747000-7f6cb5748000 rw-p 00008000 08:06 1971994                    /usr/lib/jvm/java-7-openjdk-amd64/jre/lib/amd64/libzip.so
7f6cb5748000-7f6cb5753000 r-xp 00000000 08:06 3015731                    /lib/x86_64-linux-gnu/libnss_files-2.19.so
7f6cb5753000-7f6cb5952000 ---p 0000b000 08:06 3015731                    /lib/x86_64-linux-gnu/libnss_files-2.19.so
7f6cb5952000-7f6cb5953000 r--p 0000a000 08:06 3015731                    /lib/x86_64-linux-gnu/libnss_files-2.19.so
7f6cb5953000-7f6cb5954000 rw-p 0000b000 08:06 3015731                    /lib/x86_64-linux-gnu/libnss_files-2.19.so
7f6cb5954000-7f6cb595f000 r-xp 00000000 08:06 3015732                    /lib/x86_64-linux-gnu/libnss_nis-2.19.so
7f6cb595f000-7f6cb5b5e000 ---p 0000b000 08:06 3015732                    /lib/x86_64-linux-gnu/libnss_nis-2.19.so
7f6cb5b5e000-7f6cb5b5f000 r--p 0000a000 08:06 3015732                    /lib/x86_64-linux-gnu/libnss_nis-2.19.so
7f6cb5b5f000-7f6cb5b60000 rw-p 0000b000 08:06 3015732                    /lib/x86_64-linux-gnu/libnss_nis-2.19.so
7f6cb5b60000-7f6cb5b77000 r-xp 00000000 08:06 3015718                    /lib/x86_64-linux-gnu/libnsl-2.19.so
7f6cb5b77000-7f6cb5d76000 ---p 00017000 08:06 3015718                    /lib/x86_64-linux-gnu/libnsl-2.19.so
7f6cb5d76000-7f6cb5d77000 r--p 00016000 08:06 3015718                    /lib/x86_64-linux-gnu/libnsl-2.19.so
7f6cb5d77000-7f6cb5d78000 rw-p 00017000 08:06 3015718                    /lib/x86_64-linux-gnu/libnsl-2.19.so
7f6cb5d78000-7f6cb5d7a000 rw-p 00000000 00:00 0 
7f6cb5d7a000-7f6cb5d83000 r-xp 00000000 08:06 3014708                    /lib/x86_64-linux-gnu/libnss_compat-2.19.so
7f6cb5d83000-7f6cb5f82000 ---p 00009000 08:06 3014708                    /lib/x86_64-linux-gnu/libnss_compat-2.19.so
7f6cb5f82000-7f6cb5f83000 r--p 00008000 08:06 3014708                    /lib/x86_64-linux-gnu/libnss_compat-2.19.so
7f6cb5f83000-7f6cb5f84000 rw-p 00009000 08:06 3014708                    /lib/x86_64-linux-gnu/libnss_compat-2.19.so
7f6cb5f84000-7f6cb5faf000 r-xp 00000000 08:06 1972001                    /usr/lib/jvm/java-7-openjdk-amd64/jre/lib/amd64/libjava.so
7f6cb5faf000-7f6cb61ae000 ---p 0002b000 08:06 1972001                    /usr/lib/jvm/java-7-openjdk-amd64/jre/lib/amd64/libjava.so
7f6cb61ae000-7f6cb61af000 r--p 0002a000 08:06 1972001                    /usr/lib/jvm/java-7-openjdk-amd64/jre/lib/amd64/libjava.so
7f6cb61af000-7f6cb61b1000 rw-p 0002b000 08:06 1972001                    /usr/lib/jvm/java-7-openjdk-amd64/jre/lib/amd64/libjava.so
7f6cb61b1000-7f6cb61c1000 r-xp 00000000 08:06 1972043                    /usr/lib/jvm/java-7-openjdk-amd64/jre/lib/amd64/libverify.so
7f6cb61c1000-7f6cb63c0000 ---p 00010000 08:06 1972043                    /usr/lib/jvm/java-7-openjdk-amd64/jre/lib/amd64/libverify.so
7f6cb63c0000-7f6cb63c2000 r--p 0000f000 08:06 1972043                    /usr/lib/jvm/java-7-openjdk-amd64/jre/lib/amd64/libverify.so
7f6cb63c2000-7f6cb63c3000 rw-p 00011000 08:06 1972043                    /usr/lib/jvm/java-7-openjdk-amd64/jre/lib/amd64/libverify.so
7f6cb63c3000-7f6cb63ca000 r-xp 00000000 08:06 3015720                    /lib/x86_64-linux-gnu/librt-2.19.so
7f6cb63ca000-7f6cb65c9000 ---p 00007000 08:06 3015720                    /lib/x86_64-linux-gnu/librt-2.19.so
7f6cb65c9000-7f6cb65ca000 r--p 00006000 08:06 3015720                    /lib/x86_64-linux-gnu/librt-2.19.so
7f6cb65ca000-7f6cb65cb000 rw-p 00007000 08:06 3015720                    /lib/x86_64-linux-gnu/librt-2.19.so
7f6cb65cb000-7f6cb65e1000 r-xp 00000000 08:06 3014750                    /lib/x86_64-linux-gnu/libgcc_s.so.1
7f6cb65e1000-7f6cb67e0000 ---p 00016000 08:06 3014750                    /lib/x86_64-linux-gnu/libgcc_s.so.1
7f6cb67e0000-7f6cb67e1000 rw-p 00015000 08:06 3014750                    /lib/x86_64-linux-gnu/libgcc_s.so.1
7f6cb67e1000-7f6cb68e6000 r-xp 00000000 08:06 3015727                    /lib/x86_64-linux-gnu/libm-2.19.so
7f6cb68e6000-7f6cb6ae5000 ---p 00105000 08:06 3015727                    /lib/x86_64-linux-gnu/libm-2.19.so
7f6cb6ae5000-7f6cb6ae6000 r--p 00104000 08:06 3015727                    /lib/x86_64-linux-gnu/libm-2.19.so
7f6cb6ae6000-7f6cb6ae7000 rw-p 00105000 08:06 3015727                    /lib/x86_64-linux-gnu/libm-2.19.so
7f6cb6ae7000-7f6cb6bcd000 r-xp 00000000 08:06 1967432                    /usr/lib/x86_64-linux-gnu/libstdc++.so.6.0.19
7f6cb6bcd000-7f6cb6dcc000 ---p 000e6000 08:06 1967432                    /usr/lib/x86_64-linux-gnu/libstdc++.so.6.0.19
7f6cb6dcc000-7f6cb6dd4000 r--p 000e5000 08:06 1967432                    /usr/lib/x86_64-linux-gnu/libstdc++.so.6.0.19
7f6cb6dd4000-7f6cb6dd6000 rw-p 000ed000 08:06 1967432                    /usr/lib/x86_64-linux-gnu/libstdc++.so.6.0.19
7f6cb6dd6000-7f6cb6deb000 rw-p 00000000 00:00 0 
7f6cb6deb000-7f6cb7901000 r-xp 00000000 08:06 1972051                    /usr/lib/jvm/java-7-openjdk-amd64/jre/lib/amd64/server/libjvm.so
7f6cb7901000-7f6cb7b00000 ---p 00b16000 08:06 1972051                    /usr/lib/jvm/java-7-openjdk-amd64/jre/lib/amd64/server/libjvm.so
7f6cb7b00000-7f6cb7b9a000 r--p 00b15000 08:06 1972051                    /usr/lib/jvm/java-7-openjdk-amd64/jre/lib/amd64/server/libjvm.so
7f6cb7b9a000-7f6cb7bbd000 rw-p 00baf000 08:06 1972051                    /usr/lib/jvm/java-7-openjdk-amd64/jre/lib/amd64/server/libjvm.so
7f6cb7bbd000-7f6cb7beb000 rw-p 00000000 00:00 0 
7f6cb7beb000-7f6cb7c03000 r-xp 00000000 08:06 3018529                    /lib/x86_64-linux-gnu/libz.so.1.2.8
7f6cb7c03000-7f6cb7e02000 ---p 00018000 08:06 3018529                    /lib/x86_64-linux-gnu/libz.so.1.2.8
7f6cb7e02000-7f6cb7e03000 r--p 00017000 08:06 3018529                    /lib/x86_64-linux-gnu/libz.so.1.2.8
7f6cb7e03000-7f6cb7e04000 rw-p 00018000 08:06 3018529                    /lib/x86_64-linux-gnu/libz.so.1.2.8
7f6cb7e04000-7f6cb7e1d000 r-xp 00000000 08:06 3015737                    /lib/x86_64-linux-gnu/libpthread-2.19.so
7f6cb7e1d000-7f6cb801c000 ---p 00019000 08:06 3015737                    /lib/x86_64-linux-gnu/libpthread-2.19.so
7f6cb801c000-7f6cb801d000 r--p 00018000 08:06 3015737                    /lib/x86_64-linux-gnu/libpthread-2.19.so
7f6cb801d000-7f6cb801e000 rw-p 00019000 08:06 3015737                    /lib/x86_64-linux-gnu/libpthread-2.19.so
7f6cb801e000-7f6cb8022000 rw-p 00000000 00:00 0 
7f6cb8022000-7f6cb8025000 r-xp 00000000 08:06 3015736                    /lib/x86_64-linux-gnu/libdl-2.19.so
7f6cb8025000-7f6cb8224000 ---p 00003000 08:06 3015736                    /lib/x86_64-linux-gnu/libdl-2.19.so
7f6cb8224000-7f6cb8225000 r--p 00002000 08:06 3015736                    /lib/x86_64-linux-gnu/libdl-2.19.so
7f6cb8225000-7f6cb8226000 rw-p 00003000 08:06 3015736                    /lib/x86_64-linux-gnu/libdl-2.19.so
7f6cb8226000-7f6cb83e1000 r-xp 00000000 08:06 3015724                    /lib/x86_64-linux-gnu/libc-2.19.so
7f6cb83e1000-7f6cb85e1000 ---p 001bb000 08:06 3015724                    /lib/x86_64-linux-gnu/libc-2.19.so
7f6cb85e1000-7f6cb85e5000 r--p 001bb000 08:06 3015724                    /lib/x86_64-linux-gnu/libc-2.19.so
7f6cb85e5000-7f6cb85e7000 rw-p 001bf000 08:06 3015724                    /lib/x86_64-linux-gnu/libc-2.19.so
7f6cb85e7000-7f6cb85ec000 rw-p 00000000 00:00 0 
7f6cb85ec000-7f6cb85f9000 r-xp 00000000 08:06 1971999                    /usr/lib/jvm/java-7-openjdk-amd64/jre/lib/amd64/jli/libjli.so
7f6cb85f9000-7f6cb87f8000 ---p 0000d000 08:06 1971999                    /usr/lib/jvm/java-7-openjdk-amd64/jre/lib/amd64/jli/libjli.so
7f6cb87f8000-7f6cb87f9000 r--p 0000c000 08:06 1971999                    /usr/lib/jvm/java-7-openjdk-amd64/jre/lib/amd64/jli/libjli.so
7f6cb87f9000-7f6cb87fa000 rw-p 0000d000 08:06 1971999                    /usr/lib/jvm/java-7-openjdk-amd64/jre/lib/amd64/jli/libjli.so
7f6cb87fa000-7f6cb881d000 r-xp 00000000 08:06 3015725                    /lib/x86_64-linux-gnu/ld-2.19.so
7f6cb881d000-7f6cb881e000 rw-p 00000000 00:00 0 
7f6cb881e000-7f6cb8822000 r--s 0003c000 08:06 1972162                    /usr/lib/jvm/java-7-openjdk-amd64/jre/lib/ext/sunpkcs11.jar
7f6cb8822000-7f6cb8826000 r--s 00085000 08:06 1972163                    /usr/lib/jvm/java-7-openjdk-amd64/jre/lib/ext/localedata.jar
7f6cb8826000-7f6cb8828000 r--s 00006000 08:06 2365077                    /usr/share/java/java-atk-wrapper.jar
7f6cb8828000-7f6cb8829000 r--s 00002000 08:06 1972168                    /usr/lib/jvm/java-7-openjdk-amd64/jre/lib/ext/dnsns.jar
7f6cb8829000-7f6cb882b000 r--s 00012000 08:06 1972161                    /usr/lib/jvm/java-7-openjdk-amd64/jre/lib/ext/zipfs.jar
7f6cb882b000-7f6cb882e000 r--s 0000f000 08:06 1972159                    /usr/lib/jvm/java-7-openjdk-amd64/jre/lib/ext/icedtea-sound.jar
7f6cb882e000-7f6cb8832000 r--s 00034000 08:06 1972164                    /usr/lib/jvm/java-7-openjdk-amd64/jre/lib/ext/sunjce_provider.jar
7f6cb8832000-7f6cb883c000 rw-p 00000000 00:00 0 
7f6cb883c000-7f6cb88f2000 rw-p 00000000 00:00 0 
7f6cb88f2000-7f6cb88f5000 ---p 00000000 00:00 0 
7f6cb88f5000-7f6cb8a10000 rw-p 00000000 00:00 0                          [stack:16557]
7f6cb8a10000-7f6cb8a18000 rw-s 00000000 08:06 1181023                    /tmp/hsperfdata_saumya/16524
7f6cb8a18000-7f6cb8a19000 rw-p 00000000 00:00 0 
7f6cb8a19000-7f6cb8a1a000 ---p 00000000 00:00 0 
7f6cb8a1a000-7f6cb8a1c000 rw-p 00000000 00:00 0 
7f6cb8a1c000-7f6cb8a1d000 r--p 00022000 08:06 3015725                    /lib/x86_64-linux-gnu/ld-2.19.so
7f6cb8a1d000-7f6cb8a1e000 rw-p 00023000 08:06 3015725                    /lib/x86_64-linux-gnu/ld-2.19.so
7f6cb8a1e000-7f6cb8a1f000 rw-p 00000000 00:00 0 
7fff88b4d000-7fff88b6e000 rw-p 00000000 00:00 0                          [stack]
7fff88bde000-7fff88be0000 r-xp 00000000 00:00 0                          [vdso]
ffffffffff600000-ffffffffff601000 r-xp 00000000 00:00 0                  [vsyscall]

VM Arguments:
jvm_args: -Xmx1024M 
java_command: /home/saumya/myAndroid/sdk/build-tools/21.1.2/lib/dx.jar --dex --output /home/saumya/AndroidStudioProjects/CouponDuniaApp/app/build/intermediates/pre-dexed/debug/classes-6b78088a266846210b6b685c1440c754675b6f40.jar /home/saumya/AndroidStudioProjects/CouponDuniaApp/app/build/intermediates/exploded-aar/com.android.support/support-v4/21.0.3/classes.jar
Launcher Type: SUN_STANDARD

Environment Variables:
CLASSPATH=/opt/android-studio/bin/../lib/bootstrap.jar:/opt/android-studio/bin/../lib/extensions.jar:/opt/android-studio/bin/../lib/util.jar:/opt/android-studio/bin/../lib/jdom.jar:/opt/android-studio/bin/../lib/log4j.jar:/opt/android-studio/bin/../lib/trove4j.jar:/opt/android-studio/bin/../lib/jna.jar:/usr/lib/jvm/java-7-openjdk-amd64/lib/tools.jar
PATH=/usr/local/sbin:/usr/local/bin:/usr/sbin:/usr/bin:/sbin:/bin:/usr/games:/usr/local/games
LD_LIBRARY_PATH=/opt/android-studio/bin:
SHELL=/usr/bin/fish
DISPLAY=:0

Signal Handlers:
SIGSEGV: [libjvm.so+0x9495e0], sa_mask[0]=0x7ffbfeff, sa_flags=0x10000004
SIGBUS: [libjvm.so+0x9495e0], sa_mask[0]=0x7ffbfeff, sa_flags=0x10000004
SIGFPE: [libjvm.so+0x7c3410], sa_mask[0]=0x7ffbfeff, sa_flags=0x10000004
SIGPIPE: [libjvm.so+0x7c3410], sa_mask[0]=0x7ffbfeff, sa_flags=0x10000004
SIGXFSZ: [libjvm.so+0x7c3410], sa_mask[0]=0x7ffbfeff, sa_flags=0x10000004
SIGILL: [libjvm.so+0x7c3410], sa_mask[0]=0x7ffbfeff, sa_flags=0x10000004
SIGUSR1: SIG_DFL, sa_mask[0]=0x00000000, sa_flags=0x00000000
SIGUSR2: [libjvm.so+0x7c32b0], sa_mask[0]=0x00000004, sa_flags=0x10000004
SIGHUP: [libjvm.so+0x7c3490], sa_mask[0]=0x7ffbfeff, sa_flags=0x10000004
SIGINT: [libjvm.so+0x7c3490], sa_mask[0]=0x7ffbfeff, sa_flags=0x10000004
SIGTERM: [libjvm.so+0x7c3490], sa_mask[0]=0x7ffbfeff, sa_flags=0x10000004
SIGQUIT: [libjvm.so+0x7c3490], sa_mask[0]=0x7ffbfeff, sa_flags=0x10000004
SIGTRAP: SIG_DFL, sa_mask[0]=0x00000000, sa_flags=0x00000000


---------------  S Y S T E M  ---------------

OS:Ubuntu 14.04 (trusty)
uname:Linux 3.13.0-40-generic #69-Ubuntu SMP Thu Nov 13 17:53:56 UTC 2014 x86_64
libc:glibc 2.19 NPTL 2.19 
rlimit: STACK 8192k, CORE 0k, NPROC 30674, NOFILE 4096, AS infinity
load average:3.63 1.12 0.63

/proc/meminfo:
MemTotal:        3948008 kB
MemFree:          120984 kB
Buffers:            1512 kB
Cached:           392024 kB
SwapCached:            0 kB
Active:          3265752 kB
Inactive:         386440 kB
Active(anon):    3261796 kB
Inactive(anon):   367968 kB
Active(file):       3956 kB
Inactive(file):    18472 kB
Unevictable:          32 kB
Mlocked:              32 kB
SwapTotal:             0 kB
SwapFree:              0 kB
Dirty:               108 kB
Writeback:             0 kB
AnonPages:       3259104 kB
Mapped:           119328 kB
Shmem:            370720 kB
Slab:              67196 kB
SReclaimable:      30692 kB
SUnreclaim:        36504 kB
KernelStack:        5464 kB
PageTables:        42048 kB
NFS_Unstable:          0 kB
Bounce:                0 kB
WritebackTmp:          0 kB
CommitLimit:     1974004 kB
Committed_AS:    8180276 kB
VmallocTotal:   34359738367 kB
VmallocUsed:      544540 kB
VmallocChunk:   34359184280 kB
HardwareCorrupted:     0 kB
AnonHugePages:   1159168 kB
HugePages_Total:       0
HugePages_Free:        0
HugePages_Rsvd:        0
HugePages_Surp:        0
Hugepagesize:       2048 kB
DirectMap4k:       88828 kB
DirectMap2M:     4005888 kB


CPU:total 4 (2 cores per cpu, 2 threads per core) family 6 model 58 stepping 9, cmov, cx8, fxsr, mmx, sse, sse2, sse3, ssse3, sse4.1, sse4.2, popcnt, avx, aes, erms, ht, tsc, tscinvbit, tscinv

/proc/cpuinfo:
processor	: 0
vendor_id	: GenuineIntel
cpu family	: 6
model		: 58
model name	: Intel(R) Core(TM) i5-3210M CPU @ 2.50GHz
stepping	: 9
microcode	: 0x12
cpu MHz		: 2501.000
cache size	: 3072 KB
physical id	: 0
siblings	: 4
core id		: 0
cpu cores	: 2
apicid		: 0
initial apicid	: 0
fpu		: yes
fpu_exception	: yes
cpuid level	: 13
wp		: yes
flags		: fpu vme de pse tsc msr pae mce cx8 apic sep mtrr pge mca cmov pat pse36 clflush dts acpi mmx fxsr sse sse2 ss ht tm pbe syscall nx rdtscp lm constant_tsc arch_perfmon pebs bts rep_good nopl xtopology nonstop_tsc aperfmperf eagerfpu pni pclmulqdq dtes64 monitor ds_cpl vmx est tm2 ssse3 cx16 xtpr pdcm pcid sse4_1 sse4_2 x2apic popcnt tsc_deadline_timer aes xsave avx f16c rdrand lahf_lm ida arat epb xsaveopt pln pts dtherm tpr_shadow vnmi flexpriority ept vpid fsgsbase smep erms
bogomips	: 4988.80
clflush size	: 64
cache_alignment	: 64
address sizes	: 36 bits physical, 48 bits virtual
power management:

processor	: 1
vendor_id	: GenuineIntel
cpu family	: 6
model		: 58
model name	: Intel(R) Core(TM) i5-3210M CPU @ 2.50GHz
stepping	: 9
microcode	: 0x12
cpu MHz		: 1200.000
cache size	: 3072 KB
physical id	: 0
siblings	: 4
core id		: 0
cpu cores	: 2
apicid		: 1
initial apicid	: 1
fpu		: yes
fpu_exception	: yes
cpuid level	: 13
wp		: yes
flags		: fpu vme de pse tsc msr pae mce cx8 apic sep mtrr pge mca cmov pat pse36 clflush dts acpi mmx fxsr sse sse2 ss ht tm pbe syscall nx rdtscp lm constant_tsc arch_perfmon pebs bts rep_good nopl xtopology nonstop_tsc aperfmperf eagerfpu pni pclmulqdq dtes64 monitor ds_cpl vmx est tm2 ssse3 cx16 xtpr pdcm pcid sse4_1 sse4_2 x2apic popcnt tsc_deadline_timer aes xsave avx f16c rdrand lahf_lm ida arat epb xsaveopt pln pts dtherm tpr_shadow vnmi flexpriority ept vpid fsgsbase smep erms
bogomips	: 4988.80
clflush size	: 64
cache_alignment	: 64
address sizes	: 36 bits physical, 48 bits virtual
power management:

processor	: 2
vendor_id	: GenuineIntel
cpu family	: 6
model		: 58
model name	: Intel(R) Core(TM) i5-3210M CPU @ 2.50GHz
stepping	: 9
microcode	: 0x12
cpu MHz		: 1200.000
cache size	: 3072 KB
physical id	: 0
siblings	: 4
core id		: 1
cpu cores	: 2
apicid		: 2
initial apicid	: 2
fpu		: yes
fpu_exception	: yes
cpuid level	: 13
wp		: yes
flags		: fpu vme de pse tsc msr pae mce cx8 apic sep mtrr pge mca cmov pat pse36 clflush dts acpi mmx fxsr sse sse2 ss ht tm pbe syscall nx rdtscp lm constant_tsc arch_perfmon pebs bts rep_good nopl xtopology nonstop_tsc aperfmperf eagerfpu pni pclmulqdq dtes64 monitor ds_cpl vmx est tm2 ssse3 cx16 xtpr pdcm pcid sse4_1 sse4_2 x2apic popcnt tsc_deadline_timer aes xsave avx f16c rdrand lahf_lm ida arat epb xsaveopt pln pts dtherm tpr_shadow vnmi flexpriority ept vpid fsgsbase smep erms
bogomips	: 4988.80
clflush size	: 64
cache_alignment	: 64
address sizes	: 36 bits physical, 48 bits virtual
power management:

processor	: 3
vendor_id	: GenuineIntel
cpu family	: 6
model		: 58
model name	: Intel(R) Core(TM) i5-3210M CPU @ 2.50GHz
stepping	: 9
microcode	: 0x12
cpu MHz		: 2501.000
cache size	: 3072 KB
physical id	: 0
siblings	: 4
core id		: 1
cpu cores	: 2
apicid		: 3
initial apicid	: 3
fpu		: yes
fpu_exception	: yes
cpuid level	: 13
wp		: yes
flags		: fpu vme de pse tsc msr pae mce cx8 apic sep mtrr pge mca cmov pat pse36 clflush dts acpi mmx fxsr sse sse2 ss ht tm pbe syscall nx rdtscp lm constant_tsc arch_perfmon pebs bts rep_good nopl xtopology nonstop_tsc aperfmperf eagerfpu pni pclmulqdq dtes64 monitor ds_cpl vmx est tm2 ssse3 cx16 xtpr pdcm pcid sse4_1 sse4_2 x2apic popcnt tsc_deadline_timer aes xsave avx f16c rdrand lahf_lm ida arat epb xsaveopt pln pts dtherm tpr_shadow vnmi flexpriority ept vpid fsgsbase smep erms
bogomips	: 4988.80
clflush size	: 64
cache_alignment	: 64
address sizes	: 36 bits physical, 48 bits virtual
power management:



Memory: 4k page, physical 3948008k(120984k free), swap 0k(0k free)

vm_info: OpenJDK 64-Bit Server VM (24.65-b04) for linux-amd64 JRE (1.7.0_65-b32), built on Oct 22 2014 04:37:44 by "buildd" with gcc 4.8.2

time: Wed Feb  4 18:27:17 2015
elapsed time: 15 seconds

