#
# There is insufficient memory for the Java Runtime Environment to continue.
# Native memory allocation (malloc) failed to allocate 89128960 bytes for committing reserved memory.
# Possible reasons:
#   The system is out of physical RAM or swap space
#   In 32 bit mode, the process size limit was hit
# Possible solutions:
#   Reduce memory load on the system
#   Increase physical memory or swap space
#   Check if swap backing store is full
#   Use 64 bit Java on a 64 bit OS
#   Decrease Java heap size (-Xmx/-Xms)
#   Decrease number of Java threads
#   Decrease Java thread stack sizes (-Xss)
#   Set larger code cache with -XX:ReservedCodeCacheSize=
# This output file may be truncated or incomplete.
#
#  Out of Memory Error (os_linux.cpp:2798), pid=8237, tid=140178419046144
#
# JRE version: OpenJDK Runtime Environment (7.0_65-b32) (build 1.7.0_65-b32)
# Java VM: OpenJDK 64-Bit Server VM (24.65-b04 mixed mode linux-amd64 compressed oops)
# Derivative: IcedTea 2.5.3
# Distribution: Ubuntu 14.04 LTS, package 7u71-2.5.3-0ubuntu0.14.04.1
# Failed to write core dump. Core dumps have been disabled. To enable core dumping, try "ulimit -c unlimited" before starting Java again
#

---------------  T H R E A D  ---------------

Current thread (0x00007f7dd013c800):  VMThread [stack: 0x00007f7dd4cf5000,0x00007f7dd4df6000] [id=8290]

Stack: [0x00007f7dd4cf5000,0x00007f7dd4df6000],  sp=0x00007f7dd4df4490,  free space=1021k
Native frames: (J=compiled Java code, j=interpreted, Vv=VM code, C=native code)
V  [libjvm.so+0x948b05]  VMError::report_and_die()+0x175
V  [libjvm.so+0x48bc34]  report_vm_out_of_memory(char const*, int, unsigned long, char const*)+0x74
V  [libjvm.so+0x7c7bfb]  os::pd_commit_memory(char*, unsigned long, unsigned long, bool)+0xeb
V  [libjvm.so+0x7c26bf]  os::commit_memory(char*, unsigned long, unsigned long, bool)+0x1f
V  [libjvm.so+0x833e4b]  PSVirtualSpace::expand_by(unsigned long)+0x5b
V  [libjvm.so+0x834ca0]  PSYoungGen::resize_generation(unsigned long, unsigned long)+0xb0
V  [libjvm.so+0x83538b]  PSYoungGen::resize(unsigned long, unsigned long)+0x1b
V  [libjvm.so+0x831670]  PSScavenge::invoke_no_policy()+0xde0
V  [libjvm.so+0x831e48]  PSScavenge::invoke()+0x38
V  [libjvm.so+0x7e8823]  ParallelScavengeHeap::failed_mem_allocate(unsigned long)+0x63
V  [libjvm.so+0x94a504]  VM_ParallelGCFailedAllocation::doit()+0x84
V  [libjvm.so+0x94e9f7]  VM_Operation::evaluate()+0x47
V  [libjvm.so+0x94d368]  VMThread::evaluate_operation(VM_Operation*)+0x318
V  [libjvm.so+0x94d7c9]  VMThread::loop()+0x219
V  [libjvm.so+0x94dc12]  VMThread::run()+0x72
V  [libjvm.so+0x7c4ac2]  java_start(Thread*)+0xf2

VM_Operation (0x00007f7dd9ed5c30): ParallelGCFailedAllocation, mode: safepoint, requested by thread 0x00007f7dd000a000


---------------  P R O C E S S  ---------------

Java Threads: ( => current thread )
  0x00007f7dd0177800 JavaThread "Service Thread" daemon [_thread_blocked, id=8304, stack(0x00007f7dd4426000,0x00007f7dd4527000)]
  0x00007f7dd0175000 JavaThread "C2 CompilerThread1" daemon [_thread_blocked, id=8303, stack(0x00007f7dd4527000,0x00007f7dd4628000)]
  0x00007f7dd0172000 JavaThread "C2 CompilerThread0" daemon [_thread_blocked, id=8302, stack(0x00007f7dd4628000,0x00007f7dd4729000)]
  0x00007f7dd0170000 JavaThread "Signal Dispatcher" daemon [_thread_blocked, id=8301, stack(0x00007f7dd4729000,0x00007f7dd482a000)]
  0x00007f7dd0143000 JavaThread "Finalizer" daemon [_thread_blocked, id=8294, stack(0x00007f7dd4af3000,0x00007f7dd4bf4000)]
  0x00007f7dd0141000 JavaThread "Reference Handler" daemon [_thread_blocked, id=8293, stack(0x00007f7dd4bf4000,0x00007f7dd4cf5000)]
  0x00007f7dd000a000 JavaThread "main" [_thread_blocked, id=8269, stack(0x00007f7dd9dd7000,0x00007f7dd9ed8000)]

Other Threads:
=>0x00007f7dd013c800 VMThread [stack: 0x00007f7dd4cf5000,0x00007f7dd4df6000] [id=8290]
  0x00007f7dd0182000 WatcherThread [stack: 0x00007f7dd4325000,0x00007f7dd4426000] [id=8305]

VM state:at safepoint (normal execution)

VM Mutex/Monitor currently owned by a thread:  ([mutex/lock_event])
[0x00007f7dd00067b0] Threads_lock - owner thread: 0x00007f7dd013c800
[0x00007f7dd0006cb0] Heap_lock - owner thread: 0x00007f7dd000a000

Heap
 PSYoungGen      total 66048K, used 2541K [0x00000000eaa80000, 0x00000000eed80000, 0x0000000100000000)
  eden space 63488K, 0% used [0x00000000eaa80000,0x00000000eaa80000,0x00000000ee880000)
  from space 2560K, 99% used [0x00000000ee880000,0x00000000eeafb760,0x00000000eeb00000)
  to   space 2560K, 0% used [0x00000000eeb00000,0x00000000eeb00000,0x00000000eed80000)
 ParOldGen       total 40960K, used 24672K [0x00000000c0000000, 0x00000000c2800000, 0x00000000eaa80000)
  object space 40960K, 60% used [0x00000000c0000000,0x00000000c18181c0,0x00000000c2800000)
 PSPermGen       total 21504K, used 5907K [0x00000000b5a00000, 0x00000000b6f00000, 0x00000000c0000000)
  object space 21504K, 27% used [0x00000000b5a00000,0x00000000b5fc4e90,0x00000000b6f00000)

Card table byte_map: [0x00007f7dd67d0000,0x00007f7dd6a24000] byte_map_base: 0x00007f7dd6223000

Polling page: 0x00007f7dd9efe000

Code Cache  [0x00007f7dcd000000, 0x00007f7dcd270000, 0x00007f7dd0000000)
 total_blobs=748 nmethods=520 adapters=181 free_code_cache=47004Kb largest_free_block=48085888

Compilation events (10 events):
Event: 13.158 Thread 0x00007f7dd0175000 nmethod 525 0x00007f7dcd211bd0 code [0x00007f7dcd211d20, 0x00007f7dcd211e38]
Event: 13.158 Thread 0x00007f7dd0175000  526             com.android.dx.cf.code.LocalsArray::<init> (6 bytes)
Event: 13.158 Thread 0x00007f7dd0175000 nmethod 526 0x00007f7dcd2119d0 code [0x00007f7dcd211b00, 0x00007f7dcd211b58]
Event: 13.158 Thread 0x00007f7dd0175000  527             com.android.dx.rop.code.RegisterSpecList::withFirst (64 bytes)
Event: 13.187 Thread 0x00007f7dd0172000 nmethod 508 0x00007f7dcd21fcd0 code [0x00007f7dcd220020, 0x00007f7dcd221980]
Event: 13.187 Thread 0x00007f7dd0172000  528   !         com.android.dx.cf.code.Ropper::doit (126 bytes)
Event: 13.190 Thread 0x00007f7dd0175000 nmethod 527 0x00007f7dcd211290 code [0x00007f7dcd211400, 0x00007f7dcd211718]
Event: 13.190 Thread 0x00007f7dd0175000  529             com.android.dx.cf.code.ConcreteMethod::getCatches (8 bytes)
Event: 13.197 Thread 0x00007f7dd0175000 nmethod 529 0x00007f7dcd211050 code [0x00007f7dcd211180, 0x00007f7dcd2111f8]
Event: 13.197 Thread 0x00007f7dd0175000  530             com.android.dx.ssa.SsaBasicBlock::replaceSuccessor (125 bytes)

GC Heap History (9 events):
Event: 1.896 GC heap before
{Heap before GC invocations=1 (full 0):
 PSYoungGen      total 18432K, used 15872K [0x00000000eaa80000, 0x00000000ebf00000, 0x0000000100000000)
  eden space 15872K, 100% used [0x00000000eaa80000,0x00000000eba00000,0x00000000eba00000)
  from space 2560K, 0% used [0x00000000ebc80000,0x00000000ebc80000,0x00000000ebf00000)
  to   space 2560K, 0% used [0x00000000eba00000,0x00000000eba00000,0x00000000ebc80000)
 ParOldGen       total 40960K, used 0K [0x00000000c0000000, 0x00000000c2800000, 0x00000000eaa80000)
  object space 40960K, 0% used [0x00000000c0000000,0x00000000c0000000,0x00000000c2800000)
 PSPermGen       total 21504K, used 5543K [0x00000000b5a00000, 0x00000000b6f00000, 0x00000000c0000000)
  object space 21504K, 25% used [0x00000000b5a00000,0x00000000b5f69ee0,0x00000000b6f00000)
Event: 1.932 GC heap after
Heap after GC invocations=1 (full 0):
 PSYoungGen      total 18432K, used 2535K [0x00000000eaa80000, 0x00000000ece80000, 0x0000000100000000)
  eden space 15872K, 0% used [0x00000000eaa80000,0x00000000eaa80000,0x00000000eba00000)
  from space 2560K, 99% used [0x00000000eba00000,0x00000000ebc79c88,0x00000000ebc80000)
  to   space 2560K, 0% used [0x00000000ecc00000,0x00000000ecc00000,0x00000000ece80000)
 ParOldGen       total 40960K, used 1444K [0x00000000c0000000, 0x00000000c2800000, 0x00000000eaa80000)
  object space 40960K, 3% used [0x00000000c0000000,0x00000000c0169208,0x00000000c2800000)
 PSPermGen       total 21504K, used 5543K [0x00000000b5a00000, 0x00000000b6f00000, 0x00000000c0000000)
  object space 21504K, 25% used [0x00000000b5a00000,0x00000000b5f69ee0,0x00000000b6f00000)
}
Event: 3.799 GC heap before
{Heap before GC invocations=2 (full 0):
 PSYoungGen      total 18432K, used 18407K [0x00000000eaa80000, 0x00000000ece80000, 0x0000000100000000)
  eden space 15872K, 100% used [0x00000000eaa80000,0x00000000eba00000,0x00000000eba00000)
  from space 2560K, 99% used [0x00000000eba00000,0x00000000ebc79c88,0x00000000ebc80000)
  to   space 2560K, 0% used [0x00000000ecc00000,0x00000000ecc00000,0x00000000ece80000)
 ParOldGen       total 40960K, used 1444K [0x00000000c0000000, 0x00000000c2800000, 0x00000000eaa80000)
  object space 40960K, 3% used [0x00000000c0000000,0x00000000c0169208,0x00000000c2800000)
 PSPermGen       total 21504K, used 5763K [0x00000000b5a00000, 0x00000000b6f00000, 0x00000000c0000000)
  object space 21504K, 26% used [0x00000000b5a00000,0x00000000b5fa0fb8,0x00000000b6f00000)
Event: 3.821 GC heap after
Heap after GC invocations=2 (full 0):
 PSYoungGen      total 34304K, used 2535K [0x00000000eaa80000, 0x00000000ece80000, 0x0000000100000000)
  eden space 31744K, 0% used [0x00000000eaa80000,0x00000000eaa80000,0x00000000ec980000)
  from space 2560K, 99% used [0x00000000ecc00000,0x00000000ece79c98,0x00000000ece80000)
  to   space 2560K, 0% used [0x00000000ec980000,0x00000000ec980000,0x00000000ecc00000)
 ParOldGen       total 40960K, used 3495K [0x00000000c0000000, 0x00000000c2800000, 0x00000000eaa80000)
  object space 40960K, 8% used [0x00000000c0000000,0x00000000c0369e78,0x00000000c2800000)
 PSPermGen       total 21504K, used 5763K [0x00000000b5a00000, 0x00000000b6f00000, 0x00000000c0000000)
  object space 21504K, 26% used [0x00000000b5a00000,0x00000000b5fa0fb8,0x00000000b6f00000)
}
Event: 7.233 GC heap before
{Heap before GC invocations=3 (full 0):
 PSYoungGen      total 34304K, used 34279K [0x00000000eaa80000, 0x00000000ece80000, 0x0000000100000000)
  eden space 31744K, 100% used [0x00000000eaa80000,0x00000000ec980000,0x00000000ec980000)
  from space 2560K, 99% used [0x00000000ecc00000,0x00000000ece79c98,0x00000000ece80000)
  to   space 2560K, 0% used [0x00000000ec980000,0x00000000ec980000,0x00000000ecc00000)
 ParOldGen       total 40960K, used 3495K [0x00000000c0000000, 0x00000000c2800000, 0x00000000eaa80000)
  object space 40960K, 8% used [0x00000000c0000000,0x00000000c0369e78,0x00000000c2800000)
 PSPermGen       total 21504K, used 5833K [0x00000000b5a00000, 0x00000000b6f00000, 0x00000000c0000000)
  object space 21504K, 27% used [0x00000000b5a00000,0x00000000b5fb26b0,0x00000000b6f00000)
Event: 7.273 GC heap after
Heap after GC invocations=3 (full 0):
 PSYoungGen      total 34304K, used 2532K [0x00000000eaa80000, 0x00000000eed80000, 0x0000000100000000)
  eden space 31744K, 0% used [0x00000000eaa80000,0x00000000eaa80000,0x00000000ec980000)
  from space 2560K, 98% used [0x00000000ec980000,0x00000000ecbf91e0,0x00000000ecc00000)
  to   space 2560K, 0% used [0x00000000eeb00000,0x00000000eeb00000,0x00000000eed80000)
 ParOldGen       total 40960K, used 7852K [0x00000000c0000000, 0x00000000c2800000, 0x00000000eaa80000)
  object space 40960K, 19% used [0x00000000c0000000,0x00000000c07ab3e8,0x00000000c2800000)
 PSPermGen       total 21504K, used 5833K [0x00000000b5a00000, 0x00000000b6f00000, 0x00000000c0000000)
  object space 21504K, 27% used [0x00000000b5a00000,0x00000000b5fb26b0,0x00000000b6f00000)
}
Event: 9.849 GC heap before
{Heap before GC invocations=4 (full 0):
 PSYoungGen      total 34304K, used 34276K [0x00000000eaa80000, 0x00000000eed80000, 0x0000000100000000)
  eden space 31744K, 100% used [0x00000000eaa80000,0x00000000ec980000,0x00000000ec980000)
  from space 2560K, 98% used [0x00000000ec980000,0x00000000ecbf91e0,0x00000000ecc00000)
  to   space 2560K, 0% used [0x00000000eeb00000,0x00000000eeb00000,0x00000000eed80000)
 ParOldGen       total 40960K, used 7852K [0x00000000c0000000, 0x00000000c2800000, 0x00000000eaa80000)
  object space 40960K, 19% used [0x00000000c0000000,0x00000000c07ab3e8,0x00000000c2800000)
 PSPermGen       total 21504K, used 5862K [0x00000000b5a00000, 0x00000000b6f00000, 0x00000000c0000000)
  object space 21504K, 27% used [0x00000000b5a00000,0x00000000b5fb9a10,0x00000000b6f00000)
Event: 9.913 GC heap after
Heap after GC invocations=4 (full 0):
 PSYoungGen      total 66048K, used 2539K [0x00000000eaa80000, 0x00000000eed80000, 0x0000000100000000)
  eden space 63488K, 0% used [0x00000000eaa80000,0x00000000eaa80000,0x00000000ee880000)
  from space 2560K, 99% used [0x00000000eeb00000,0x00000000eed7af20,0x00000000eed80000)
  to   space 2560K, 0% used [0x00000000ee880000,0x00000000ee880000,0x00000000eeb00000)
 ParOldGen       total 40960K, used 13298K [0x00000000c0000000, 0x00000000c2800000, 0x00000000eaa80000)
  object space 40960K, 32% used [0x00000000c0000000,0x00000000c0cfc820,0x00000000c2800000)
 PSPermGen       total 21504K, used 5862K [0x00000000b5a00000, 0x00000000b6f00000, 0x00000000c0000000)
  object space 21504K, 27% used [0x00000000b5a00000,0x00000000b5fb9a10,0x00000000b6f00000)
}
Event: 13.198 GC heap before
{Heap before GC invocations=5 (full 0):
 PSYoungGen      total 66048K, used 66027K [0x00000000eaa80000, 0x00000000eed80000, 0x0000000100000000)
  eden space 63488K, 100% used [0x00000000eaa80000,0x00000000ee880000,0x00000000ee880000)
  from space 2560K, 99% used [0x00000000eeb00000,0x00000000eed7af20,0x00000000eed80000)
  to   space 2560K, 0% used [0x00000000ee880000,0x00000000ee880000,0x00000000eeb00000)
 ParOldGen       total 40960K, used 13298K [0x00000000c0000000, 0x00000000c2800000, 0x00000000eaa80000)
  object space 40960K, 32% used [0x00000000c0000000,0x00000000c0cfc820,0x00000000c2800000)
 PSPermGen       total 21504K, used 5907K [0x00000000b5a00000, 0x00000000b6f00000, 0x00000000c0000000)
  object space 21504K, 27% used [0x00000000b5a00000,0x00000000b5fc4e90,0x00000000b6f00000)

Deoptimization events (10 events):
Event: 3.821 Thread 0x00007f7dd000a000 Uncommon trap: reason=unreached action=reinterpret pc=0x00007f7dcd0c2b6c method=com.android.dx.ssa.LocalVariableExtractor.processBlock(I)V @ 251
Event: 4.104 Thread 0x00007f7dd000a000 Uncommon trap: reason=class_check action=maybe_recompile pc=0x00007f7dcd088f3c method=com.android.dx.rop.type.Type.equals(Ljava/lang/Object;)Z @ 8
Event: 4.106 Thread 0x00007f7dd000a000 Uncommon trap: reason=class_check action=maybe_recompile pc=0x00007f7dcd088f3c method=com.android.dx.rop.type.Type.equals(Ljava/lang/Object;)Z @ 8
Event: 4.106 Thread 0x00007f7dd000a000 Uncommon trap: reason=class_check action=maybe_recompile pc=0x00007f7dcd088f3c method=com.android.dx.rop.type.Type.equals(Ljava/lang/Object;)Z @ 8
Event: 5.703 Thread 0x00007f7dd000a000 Uncommon trap: reason=null_check action=make_not_entrant pc=0x00007f7dcd0f754c method=com.android.dx.rop.type.Type.putIntern(Lcom/android/dx/rop/type/Type;)Lcom/android/dx/rop/type/Type; @ 18
Event: 7.994 Thread 0x00007f7dd000a000 Uncommon trap: reason=class_check action=maybe_recompile pc=0x00007f7dcd11e3a8 method=com.android.dx.ssa.SCCP.simulatePhi(Lcom/android/dx/ssa/PhiInsn;)V @ 124
Event: 9.342 Thread 0x00007f7dd000a000 Uncommon trap: reason=unreached action=reinterpret pc=0x00007f7dcd149204 method=com.android.dx.cf.code.BaseMachine.getLocalTarget(Z)Lcom/android/dx/rop/code/RegisterSpec; @ 131
Event: 10.610 Thread 0x00007f7dd000a000 Uncommon trap: reason=unreached action=reinterpret pc=0x00007f7dcd0ede58 method=com.android.dx.rop.code.LocalVariableExtractor.processBlock(I)V @ 195
Event: 13.108 Thread 0x00007f7dd000a000 Uncommon trap: reason=null_check action=make_not_entrant pc=0x00007f7dcd21757c method=com.android.dx.dex.file.FieldIdsSection.intern(Lcom/android/dx/rop/cst/CstFieldRef;)Lcom/android/dx/dex/file/FieldIdItem; @ 26
Event: 13.152 Thread 0x00007f7dd000a000 Uncommon trap: reason=class_check action=maybe_recompile pc=0x00007f7dcd11e3a8 method=com.android.dx.ssa.SCCP.simulatePhi(Lcom/android/dx/ssa/PhiInsn;)V @ 124

Internal exceptions (10 events):
Event: 3.380 Thread 0x00007f7dd000a000 Threw 0x00000000eb73db20 at /build/buildd/openjdk-7-7u71-2.5.3/build/openjdk/hotspot/src/share/vm/prims/jvm.cpp:1284
Event: 3.383 Thread 0x00007f7dd000a000 Threw 0x00000000eb74daf8 at /build/buildd/openjdk-7-7u71-2.5.3/build/openjdk/hotspot/src/share/vm/prims/jvm.cpp:1284
Event: 3.390 Thread 0x00007f7dd000a000 Threw 0x00000000eb75c750 at /build/buildd/openjdk-7-7u71-2.5.3/build/openjdk/hotspot/src/share/vm/prims/jvm.cpp:1284
Event: 3.794 Thread 0x00007f7dd000a000 Implicit null exception at 0x00007f7dcd0a3152 to 0x00007f7dcd0a3255
Event: 4.105 Thread 0x00007f7dd000a000 Threw 0x00000000eacb6f40 at /build/buildd/openjdk-7-7u71-2.5.3/build/openjdk/hotspot/src/share/vm/prims/jvm.cpp:1284
Event: 4.172 Thread 0x00007f7dd000a000 Threw 0x00000000ead15048 at /build/buildd/openjdk-7-7u71-2.5.3/build/openjdk/hotspot/src/share/vm/prims/jvm.cpp:1284
Event: 5.703 Thread 0x00007f7dd000a000 Implicit null exception at 0x00007f7dcd0f6e13 to 0x00007f7dcd0f753d
Event: 8.401 Thread 0x00007f7dd000a000 Threw 0x00000000eb6591e0 at /build/buildd/openjdk-7-7u71-2.5.3/build/openjdk/hotspot/src/share/vm/prims/jvm.cpp:1284
Event: 8.815 Thread 0x00007f7dd000a000 Threw 0x00000000ebb0fc28 at /build/buildd/openjdk-7-7u71-2.5.3/build/openjdk/hotspot/src/share/vm/prims/jvm.cpp:1284
Event: 9.635 Thread 0x00007f7dd000a000 Threw 0x00000000ec676350 at /build/buildd/openjdk-7-7u71-2.5.3/build/openjdk/hotspot/src/share/vm/prims/jvm.cpp:1284

Events (10 events):
Event: 10.610 Thread 0x00007f7dd000a000 DEOPT PACKING pc=0x00007f7dcd0ede58 sp=0x00007f7dd9ed5fe0
Event: 10.610 Thread 0x00007f7dd000a000 DEOPT UNPACKING pc=0x00007f7dcd039445 sp=0x00007f7dd9ed5fa0 mode 2
Event: 13.058 Thread 0x00007f7dd0175000 flushing nmethod 0x00007f7dcd148b10
Event: 13.108 Thread 0x00007f7dd000a000 Uncommon trap: trap_request=0xfffffff4 fr.pc=0x00007f7dcd21757c
Event: 13.108 Thread 0x00007f7dd000a000 DEOPT PACKING pc=0x00007f7dcd21757c sp=0x00007f7dd9ed6270
Event: 13.108 Thread 0x00007f7dd000a000 DEOPT UNPACKING pc=0x00007f7dcd039445 sp=0x00007f7dd9ed61c8 mode 2
Event: 13.152 Thread 0x00007f7dd000a000 Uncommon trap: trap_request=0xffffffde fr.pc=0x00007f7dcd11e3a8
Event: 13.152 Thread 0x00007f7dd000a000 DEOPT PACKING pc=0x00007f7dcd11e3a8 sp=0x00007f7dd9ed5ed0
Event: 13.152 Thread 0x00007f7dd000a000 DEOPT UNPACKING pc=0x00007f7dcd039445 sp=0x00007f7dd9ed5dd0 mode 2
Event: 13.198 Executing VM operation: ParallelGCFailedAllocation


Dynamic libraries:
00400000-00401000 r-xp 00000000 08:06 1972470                            /usr/lib/jvm/java-7-openjdk-amd64/jre/bin/java
00600000-00601000 r--p 00000000 08:06 1972470                            /usr/lib/jvm/java-7-openjdk-amd64/jre/bin/java
00601000-00602000 rw-p 00001000 08:06 1972470                            /usr/lib/jvm/java-7-openjdk-amd64/jre/bin/java
02456000-02477000 rw-p 00000000 00:00 0                                  [heap]
b5a00000-b6f00000 rw-p 00000000 00:00 0 
b6f00000-c0000000 rw-p 00000000 00:00 0 
c0000000-c2800000 rw-p 00000000 00:00 0 
c2800000-eaa80000 rw-p 00000000 00:00 0 
eaa80000-eed80000 rw-p 00000000 00:00 0 
f4280000-100000000 rw-p 00000000 00:00 0 
7f7d94000000-7f7d94021000 rw-p 00000000 00:00 0 
7f7d94021000-7f7d98000000 ---p 00000000 00:00 0 
7f7d98000000-7f7d98021000 rw-p 00000000 00:00 0 
7f7d98021000-7f7d9c000000 ---p 00000000 00:00 0 
7f7d9c000000-7f7d9d520000 rw-p 00000000 00:00 0 
7f7d9d520000-7f7da0000000 ---p 00000000 00:00 0 
7f7da0000000-7f7da136e000 rw-p 00000000 00:00 0 
7f7da136e000-7f7da4000000 ---p 00000000 00:00 0 
7f7da4000000-7f7da4021000 rw-p 00000000 00:00 0 
7f7da4021000-7f7da8000000 ---p 00000000 00:00 0 
7f7da8000000-7f7da8021000 rw-p 00000000 00:00 0 
7f7da8021000-7f7dac000000 ---p 00000000 00:00 0 
7f7dac000000-7f7dac240000 rw-p 00000000 00:00 0 
7f7dac240000-7f7db0000000 ---p 00000000 00:00 0 
7f7db0000000-7f7db0021000 rw-p 00000000 00:00 0 
7f7db0021000-7f7db4000000 ---p 00000000 00:00 0 
7f7db4000000-7f7db4021000 rw-p 00000000 00:00 0 
7f7db4021000-7f7db8000000 ---p 00000000 00:00 0 
7f7db8000000-7f7db8021000 rw-p 00000000 00:00 0 
7f7db8021000-7f7dbc000000 ---p 00000000 00:00 0 
7f7dbc000000-7f7dbc021000 rw-p 00000000 00:00 0 
7f7dbc021000-7f7dc0000000 ---p 00000000 00:00 0 
7f7dc4000000-7f7dc4021000 rw-p 00000000 00:00 0 
7f7dc4021000-7f7dc8000000 ---p 00000000 00:00 0 
7f7dc9564000-7f7dc95a1000 r-xp 00000000 08:06 3017016                    /lib/x86_64-linux-gnu/libpcre.so.3.13.1
7f7dc95a1000-7f7dc97a0000 ---p 0003d000 08:06 3017016                    /lib/x86_64-linux-gnu/libpcre.so.3.13.1
7f7dc97a0000-7f7dc97a1000 r--p 0003c000 08:06 3017016                    /lib/x86_64-linux-gnu/libpcre.so.3.13.1
7f7dc97a1000-7f7dc97a2000 rw-p 0003d000 08:06 3017016                    /lib/x86_64-linux-gnu/libpcre.so.3.13.1
7f7dc97a2000-7f7dc97a9000 r-xp 00000000 08:06 1966223                    /usr/lib/x86_64-linux-gnu/libffi.so.6.0.1
7f7dc97a9000-7f7dc99a8000 ---p 00007000 08:06 1966223                    /usr/lib/x86_64-linux-gnu/libffi.so.6.0.1
7f7dc99a8000-7f7dc99a9000 r--p 00006000 08:06 1966223                    /usr/lib/x86_64-linux-gnu/libffi.so.6.0.1
7f7dc99a9000-7f7dc99aa000 rw-p 00007000 08:06 1966223                    /usr/lib/x86_64-linux-gnu/libffi.so.6.0.1
7f7dc99aa000-7f7dc99c1000 r-xp 00000000 08:06 3014724                    /lib/x86_64-linux-gnu/libresolv-2.19.so
7f7dc99c1000-7f7dc9bc1000 ---p 00017000 08:06 3014724                    /lib/x86_64-linux-gnu/libresolv-2.19.so
7f7dc9bc1000-7f7dc9bc2000 r--p 00017000 08:06 3014724                    /lib/x86_64-linux-gnu/libresolv-2.19.so
7f7dc9bc2000-7f7dc9bc3000 rw-p 00018000 08:06 3014724                    /lib/x86_64-linux-gnu/libresolv-2.19.so
7f7dc9bc3000-7f7dc9bc5000 rw-p 00000000 00:00 0 
7f7dc9bc5000-7f7dc9be5000 r-xp 00000000 08:06 3018498                    /lib/x86_64-linux-gnu/libselinux.so.1
7f7dc9be5000-7f7dc9de4000 ---p 00020000 08:06 3018498                    /lib/x86_64-linux-gnu/libselinux.so.1
7f7dc9de4000-7f7dc9de5000 r--p 0001f000 08:06 3018498                    /lib/x86_64-linux-gnu/libselinux.so.1
7f7dc9de5000-7f7dc9de6000 rw-p 00020000 08:06 3018498                    /lib/x86_64-linux-gnu/libselinux.so.1
7f7dc9de6000-7f7dc9de8000 rw-p 00000000 00:00 0 
7f7dc9de8000-7f7dc9deb000 r-xp 00000000 08:06 1968067                    /usr/lib/x86_64-linux-gnu/libgmodule-2.0.so.0.4002.0
7f7dc9deb000-7f7dc9fea000 ---p 00003000 08:06 1968067                    /usr/lib/x86_64-linux-gnu/libgmodule-2.0.so.0.4002.0
7f7dc9fea000-7f7dc9feb000 r--p 00002000 08:06 1968067                    /usr/lib/x86_64-linux-gnu/libgmodule-2.0.so.0.4002.0
7f7dc9feb000-7f7dc9fec000 rw-p 00003000 08:06 1968067                    /usr/lib/x86_64-linux-gnu/libgmodule-2.0.so.0.4002.0
7f7dc9fec000-7f7dca0f2000 r-xp 00000000 08:06 3016239                    /lib/x86_64-linux-gnu/libglib-2.0.so.0.4002.0
7f7dca0f2000-7f7dca2f1000 ---p 00106000 08:06 3016239                    /lib/x86_64-linux-gnu/libglib-2.0.so.0.4002.0
7f7dca2f1000-7f7dca2f2000 r--p 00105000 08:06 3016239                    /lib/x86_64-linux-gnu/libglib-2.0.so.0.4002.0
7f7dca2f2000-7f7dca2f3000 rw-p 00106000 08:06 3016239                    /lib/x86_64-linux-gnu/libglib-2.0.so.0.4002.0
7f7dca2f3000-7f7dca2f4000 rw-p 00000000 00:00 0 
7f7dca2f4000-7f7dca343000 r-xp 00000000 08:06 1968068                    /usr/lib/x86_64-linux-gnu/libgobject-2.0.so.0.4002.0
7f7dca343000-7f7dca543000 ---p 0004f000 08:06 1968068                    /usr/lib/x86_64-linux-gnu/libgobject-2.0.so.0.4002.0
7f7dca543000-7f7dca544000 r--p 0004f000 08:06 1968068                    /usr/lib/x86_64-linux-gnu/libgobject-2.0.so.0.4002.0
7f7dca544000-7f7dca545000 rw-p 00050000 08:06 1968068                    /usr/lib/x86_64-linux-gnu/libgobject-2.0.so.0.4002.0
7f7dca545000-7f7dca6b1000 r-xp 00000000 08:06 1968070                    /usr/lib/x86_64-linux-gnu/libgio-2.0.so.0.4002.0
7f7dca6b1000-7f7dca8b0000 ---p 0016c000 08:06 1968070                    /usr/lib/x86_64-linux-gnu/libgio-2.0.so.0.4002.0
7f7dca8b0000-7f7dca8b4000 r--p 0016b000 08:06 1968070                    /usr/lib/x86_64-linux-gnu/libgio-2.0.so.0.4002.0
7f7dca8b4000-7f7dca8b6000 rw-p 0016f000 08:06 1968070                    /usr/lib/x86_64-linux-gnu/libgio-2.0.so.0.4002.0
7f7dca8b6000-7f7dca8b8000 rw-p 00000000 00:00 0 
7f7dca8b8000-7f7dca8cf000 r-xp 00000000 08:06 1972002                    /usr/lib/jvm/java-7-openjdk-amd64/jre/lib/amd64/libnet.so
7f7dca8cf000-7f7dcaace000 ---p 00017000 08:06 1972002                    /usr/lib/jvm/java-7-openjdk-amd64/jre/lib/amd64/libnet.so
7f7dcaace000-7f7dcaacf000 r--p 00016000 08:06 1972002                    /usr/lib/jvm/java-7-openjdk-amd64/jre/lib/amd64/libnet.so
7f7dcaacf000-7f7dcaad0000 rw-p 00017000 08:06 1972002                    /usr/lib/jvm/java-7-openjdk-amd64/jre/lib/amd64/libnet.so
7f7dcaad0000-7f7dcd000000 rw-p 00000000 00:00 0 
7f7dcd000000-7f7dcd270000 rwxp 00000000 00:00 0 
7f7dcd270000-7f7dd0311000 rw-p 00000000 00:00 0 
7f7dd0311000-7f7dd4000000 ---p 00000000 00:00 0 
7f7dd40f3000-7f7dd4103000 r-xp 00000000 08:06 1972044                    /usr/lib/jvm/java-7-openjdk-amd64/jre/lib/amd64/libnio.so
7f7dd4103000-7f7dd4303000 ---p 00010000 08:06 1972044                    /usr/lib/jvm/java-7-openjdk-amd64/jre/lib/amd64/libnio.so
7f7dd4303000-7f7dd4304000 r--p 00010000 08:06 1972044                    /usr/lib/jvm/java-7-openjdk-amd64/jre/lib/amd64/libnio.so
7f7dd4304000-7f7dd4305000 rw-p 00011000 08:06 1972044                    /usr/lib/jvm/java-7-openjdk-amd64/jre/lib/amd64/libnio.so
7f7dd4305000-7f7dd4316000 r--s 000aa000 08:06 2808001                    /home/saumya/AndroidStudioProjects/CouponDuniaApp/app/build/intermediates/exploded-aar/com.android.support/support-v4/21.0.3/classes.jar
7f7dd4316000-7f7dd4325000 r--s 000dd000 08:06 2132276                    /home/saumya/myAndroid/sdk/build-tools/21.1.2/lib/dx.jar
7f7dd4325000-7f7dd4326000 ---p 00000000 00:00 0 
7f7dd4326000-7f7dd4426000 rw-p 00000000 00:00 0                          [stack:8305]
7f7dd4426000-7f7dd4429000 ---p 00000000 00:00 0 
7f7dd4429000-7f7dd4527000 rw-p 00000000 00:00 0                          [stack:8304]
7f7dd4527000-7f7dd452a000 ---p 00000000 00:00 0 
7f7dd452a000-7f7dd4628000 rw-p 00000000 00:00 0                          [stack:8303]
7f7dd4628000-7f7dd462b000 ---p 00000000 00:00 0 
7f7dd462b000-7f7dd4729000 rw-p 00000000 00:00 0                          [stack:8302]
7f7dd4729000-7f7dd472c000 ---p 00000000 00:00 0 
7f7dd472c000-7f7dd482a000 rw-p 00000000 00:00 0                          [stack:8301]
7f7dd482a000-7f7dd4af3000 r--p 00000000 08:06 1966276                    /usr/lib/locale/locale-archive
7f7dd4af3000-7f7dd4af6000 ---p 00000000 00:00 0 
7f7dd4af6000-7f7dd4bf4000 rw-p 00000000 00:00 0                          [stack:8294]
7f7dd4bf4000-7f7dd4bf7000 ---p 00000000 00:00 0 
7f7dd4bf7000-7f7dd4cf5000 rw-p 00000000 00:00 0                          [stack:8293]
7f7dd4cf5000-7f7dd4cf6000 ---p 00000000 00:00 0 
7f7dd4cf6000-7f7dd5d4e000 rw-p 00000000 00:00 0                          [stack:8290]
7f7dd5d4e000-7f7dd5eff000 r--s 01d25000 08:06 1972278                    /usr/lib/jvm/java-7-openjdk-amd64/jre/lib/rt.jar
7f7dd5eff000-7f7dd6223000 rw-p 00000000 00:00 0 
7f7dd6223000-7f7dd6224000 ---p 00000000 00:00 0 
7f7dd6224000-7f7dd6324000 rw-p 00000000 00:00 0                          [stack:8285]
7f7dd6324000-7f7dd6325000 ---p 00000000 00:00 0 
7f7dd6325000-7f7dd6425000 rw-p 00000000 00:00 0                          [stack:8282]
7f7dd6425000-7f7dd6426000 ---p 00000000 00:00 0 
7f7dd6426000-7f7dd6526000 rw-p 00000000 00:00 0                          [stack:8279]
7f7dd6526000-7f7dd6527000 ---p 00000000 00:00 0 
7f7dd6527000-7f7dd6632000 rw-p 00000000 00:00 0                          [stack:8276]
7f7dd6632000-7f7dd667a000 rw-p 00000000 00:00 0 
7f7dd667a000-7f7dd668e000 rw-p 00000000 00:00 0 
7f7dd668e000-7f7dd67d0000 rw-p 00000000 00:00 0 
7f7dd67d0000-7f7dd67db000 rw-p 00000000 00:00 0 
7f7dd67db000-7f7dd6823000 rw-p 00000000 00:00 0 
7f7dd6823000-7f7dd6837000 rw-p 00000000 00:00 0 
7f7dd6837000-7f7dd6978000 rw-p 00000000 00:00 0 
7f7dd6978000-7f7dd699a000 rw-p 00000000 00:00 0 
7f7dd699a000-7f7dd6a23000 rw-p 00000000 00:00 0 
7f7dd6a23000-7f7dd6a24000 rw-p 00000000 00:00 0 
7f7dd6a24000-7f7dd6a2c000 r-xp 00000000 08:06 1971994                    /usr/lib/jvm/java-7-openjdk-amd64/jre/lib/amd64/libzip.so
7f7dd6a2c000-7f7dd6c2b000 ---p 00008000 08:06 1971994                    /usr/lib/jvm/java-7-openjdk-amd64/jre/lib/amd64/libzip.so
7f7dd6c2b000-7f7dd6c2c000 r--p 00007000 08:06 1971994                    /usr/lib/jvm/java-7-openjdk-amd64/jre/lib/amd64/libzip.so
7f7dd6c2c000-7f7dd6c2d000 rw-p 00008000 08:06 1971994                    /usr/lib/jvm/java-7-openjdk-amd64/jre/lib/amd64/libzip.so
7f7dd6c2d000-7f7dd6c38000 r-xp 00000000 08:06 3015731                    /lib/x86_64-linux-gnu/libnss_files-2.19.so
7f7dd6c38000-7f7dd6e37000 ---p 0000b000 08:06 3015731                    /lib/x86_64-linux-gnu/libnss_files-2.19.so
7f7dd6e37000-7f7dd6e38000 r--p 0000a000 08:06 3015731                    /lib/x86_64-linux-gnu/libnss_files-2.19.so
7f7dd6e38000-7f7dd6e39000 rw-p 0000b000 08:06 3015731                    /lib/x86_64-linux-gnu/libnss_files-2.19.so
7f7dd6e39000-7f7dd6e44000 r-xp 00000000 08:06 3015732                    /lib/x86_64-linux-gnu/libnss_nis-2.19.so
7f7dd6e44000-7f7dd7043000 ---p 0000b000 08:06 3015732                    /lib/x86_64-linux-gnu/libnss_nis-2.19.so
7f7dd7043000-7f7dd7044000 r--p 0000a000 08:06 3015732                    /lib/x86_64-linux-gnu/libnss_nis-2.19.so
7f7dd7044000-7f7dd7045000 rw-p 0000b000 08:06 3015732                    /lib/x86_64-linux-gnu/libnss_nis-2.19.so
7f7dd7045000-7f7dd705c000 r-xp 00000000 08:06 3015718                    /lib/x86_64-linux-gnu/libnsl-2.19.so
7f7dd705c000-7f7dd725b000 ---p 00017000 08:06 3015718                    /lib/x86_64-linux-gnu/libnsl-2.19.so
7f7dd725b000-7f7dd725c000 r--p 00016000 08:06 3015718                    /lib/x86_64-linux-gnu/libnsl-2.19.so
7f7dd725c000-7f7dd725d000 rw-p 00017000 08:06 3015718                    /lib/x86_64-linux-gnu/libnsl-2.19.so
7f7dd725d000-7f7dd725f000 rw-p 00000000 00:00 0 
7f7dd725f000-7f7dd7268000 r-xp 00000000 08:06 3014708                    /lib/x86_64-linux-gnu/libnss_compat-2.19.so
7f7dd7268000-7f7dd7467000 ---p 00009000 08:06 3014708                    /lib/x86_64-linux-gnu/libnss_compat-2.19.so
7f7dd7467000-7f7dd7468000 r--p 00008000 08:06 3014708                    /lib/x86_64-linux-gnu/libnss_compat-2.19.so
7f7dd7468000-7f7dd7469000 rw-p 00009000 08:06 3014708                    /lib/x86_64-linux-gnu/libnss_compat-2.19.so
7f7dd7469000-7f7dd7494000 r-xp 00000000 08:06 1972001                    /usr/lib/jvm/java-7-openjdk-amd64/jre/lib/amd64/libjava.so
7f7dd7494000-7f7dd7693000 ---p 0002b000 08:06 1972001                    /usr/lib/jvm/java-7-openjdk-amd64/jre/lib/amd64/libjava.so
7f7dd7693000-7f7dd7694000 r--p 0002a000 08:06 1972001                    /usr/lib/jvm/java-7-openjdk-amd64/jre/lib/amd64/libjava.so
7f7dd7694000-7f7dd7696000 rw-p 0002b000 08:06 1972001                    /usr/lib/jvm/java-7-openjdk-amd64/jre/lib/amd64/libjava.so
7f7dd7696000-7f7dd76a6000 r-xp 00000000 08:06 1972043                    /usr/lib/jvm/java-7-openjdk-amd64/jre/lib/amd64/libverify.so
7f7dd76a6000-7f7dd78a5000 ---p 00010000 08:06 1972043                    /usr/lib/jvm/java-7-openjdk-amd64/jre/lib/amd64/libverify.so
7f7dd78a5000-7f7dd78a7000 r--p 0000f000 08:06 1972043                    /usr/lib/jvm/java-7-openjdk-amd64/jre/lib/amd64/libverify.so
7f7dd78a7000-7f7dd78a8000 rw-p 00011000 08:06 1972043                    /usr/lib/jvm/java-7-openjdk-amd64/jre/lib/amd64/libverify.so
7f7dd78a8000-7f7dd78af000 r-xp 00000000 08:06 3015720                    /lib/x86_64-linux-gnu/librt-2.19.so
7f7dd78af000-7f7dd7aae000 ---p 00007000 08:06 3015720                    /lib/x86_64-linux-gnu/librt-2.19.so
7f7dd7aae000-7f7dd7aaf000 r--p 00006000 08:06 3015720                    /lib/x86_64-linux-gnu/librt-2.19.so
7f7dd7aaf000-7f7dd7ab0000 rw-p 00007000 08:06 3015720                    /lib/x86_64-linux-gnu/librt-2.19.so
7f7dd7ab0000-7f7dd7ac6000 r-xp 00000000 08:06 3014750                    /lib/x86_64-linux-gnu/libgcc_s.so.1
7f7dd7ac6000-7f7dd7cc5000 ---p 00016000 08:06 3014750                    /lib/x86_64-linux-gnu/libgcc_s.so.1
7f7dd7cc5000-7f7dd7cc6000 rw-p 00015000 08:06 3014750                    /lib/x86_64-linux-gnu/libgcc_s.so.1
7f7dd7cc6000-7f7dd7dcb000 r-xp 00000000 08:06 3015727                    /lib/x86_64-linux-gnu/libm-2.19.so
7f7dd7dcb000-7f7dd7fca000 ---p 00105000 08:06 3015727                    /lib/x86_64-linux-gnu/libm-2.19.so
7f7dd7fca000-7f7dd7fcb000 r--p 00104000 08:06 3015727                    /lib/x86_64-linux-gnu/libm-2.19.so
7f7dd7fcb000-7f7dd7fcc000 rw-p 00105000 08:06 3015727                    /lib/x86_64-linux-gnu/libm-2.19.so
7f7dd7fcc000-7f7dd80b2000 r-xp 00000000 08:06 1967432                    /usr/lib/x86_64-linux-gnu/libstdc++.so.6.0.19
7f7dd80b2000-7f7dd82b1000 ---p 000e6000 08:06 1967432                    /usr/lib/x86_64-linux-gnu/libstdc++.so.6.0.19
7f7dd82b1000-7f7dd82b9000 r--p 000e5000 08:06 1967432                    /usr/lib/x86_64-linux-gnu/libstdc++.so.6.0.19
7f7dd82b9000-7f7dd82bb000 rw-p 000ed000 08:06 1967432                    /usr/lib/x86_64-linux-gnu/libstdc++.so.6.0.19
7f7dd82bb000-7f7dd82d0000 rw-p 00000000 00:00 0 
7f7dd82d0000-7f7dd8de6000 r-xp 00000000 08:06 1972051                    /usr/lib/jvm/java-7-openjdk-amd64/jre/lib/amd64/server/libjvm.so
7f7dd8de6000-7f7dd8fe5000 ---p 00b16000 08:06 1972051                    /usr/lib/jvm/java-7-openjdk-amd64/jre/lib/amd64/server/libjvm.so
7f7dd8fe5000-7f7dd907f000 r--p 00b15000 08:06 1972051                    /usr/lib/jvm/java-7-openjdk-amd64/jre/lib/amd64/server/libjvm.so
7f7dd907f000-7f7dd90a2000 rw-p 00baf000 08:06 1972051                    /usr/lib/jvm/java-7-openjdk-amd64/jre/lib/amd64/server/libjvm.so
7f7dd90a2000-7f7dd90d0000 rw-p 00000000 00:00 0 
7f7dd90d0000-7f7dd90e8000 r-xp 00000000 08:06 3018529                    /lib/x86_64-linux-gnu/libz.so.1.2.8
7f7dd90e8000-7f7dd92e7000 ---p 00018000 08:06 3018529                    /lib/x86_64-linux-gnu/libz.so.1.2.8
7f7dd92e7000-7f7dd92e8000 r--p 00017000 08:06 3018529                    /lib/x86_64-linux-gnu/libz.so.1.2.8
7f7dd92e8000-7f7dd92e9000 rw-p 00018000 08:06 3018529                    /lib/x86_64-linux-gnu/libz.so.1.2.8
7f7dd92e9000-7f7dd9302000 r-xp 00000000 08:06 3015737                    /lib/x86_64-linux-gnu/libpthread-2.19.so
7f7dd9302000-7f7dd9501000 ---p 00019000 08:06 3015737                    /lib/x86_64-linux-gnu/libpthread-2.19.so
7f7dd9501000-7f7dd9502000 r--p 00018000 08:06 3015737                    /lib/x86_64-linux-gnu/libpthread-2.19.so
7f7dd9502000-7f7dd9503000 rw-p 00019000 08:06 3015737                    /lib/x86_64-linux-gnu/libpthread-2.19.so
7f7dd9503000-7f7dd9507000 rw-p 00000000 00:00 0 
7f7dd9507000-7f7dd950a000 r-xp 00000000 08:06 3015736                    /lib/x86_64-linux-gnu/libdl-2.19.so
7f7dd950a000-7f7dd9709000 ---p 00003000 08:06 3015736                    /lib/x86_64-linux-gnu/libdl-2.19.so
7f7dd9709000-7f7dd970a000 r--p 00002000 08:06 3015736                    /lib/x86_64-linux-gnu/libdl-2.19.so
7f7dd970a000-7f7dd970b000 rw-p 00003000 08:06 3015736                    /lib/x86_64-linux-gnu/libdl-2.19.so
7f7dd970b000-7f7dd98c6000 r-xp 00000000 08:06 3015724                    /lib/x86_64-linux-gnu/libc-2.19.so
7f7dd98c6000-7f7dd9ac6000 ---p 001bb000 08:06 3015724                    /lib/x86_64-linux-gnu/libc-2.19.so
7f7dd9ac6000-7f7dd9aca000 r--p 001bb000 08:06 3015724                    /lib/x86_64-linux-gnu/libc-2.19.so
7f7dd9aca000-7f7dd9acc000 rw-p 001bf000 08:06 3015724                    /lib/x86_64-linux-gnu/libc-2.19.so
7f7dd9acc000-7f7dd9ad1000 rw-p 00000000 00:00 0 
7f7dd9ad1000-7f7dd9ade000 r-xp 00000000 08:06 1971999                    /usr/lib/jvm/java-7-openjdk-amd64/jre/lib/amd64/jli/libjli.so
7f7dd9ade000-7f7dd9cdd000 ---p 0000d000 08:06 1971999                    /usr/lib/jvm/java-7-openjdk-amd64/jre/lib/amd64/jli/libjli.so
7f7dd9cdd000-7f7dd9cde000 r--p 0000c000 08:06 1971999                    /usr/lib/jvm/java-7-openjdk-amd64/jre/lib/amd64/jli/libjli.so
7f7dd9cde000-7f7dd9cdf000 rw-p 0000d000 08:06 1971999                    /usr/lib/jvm/java-7-openjdk-amd64/jre/lib/amd64/jli/libjli.so
7f7dd9cdf000-7f7dd9d02000 r-xp 00000000 08:06 3015725                    /lib/x86_64-linux-gnu/ld-2.19.so
7f7dd9d02000-7f7dd9d03000 rw-p 00000000 00:00 0 
7f7dd9d03000-7f7dd9d07000 r--s 0003c000 08:06 1972162                    /usr/lib/jvm/java-7-openjdk-amd64/jre/lib/ext/sunpkcs11.jar
7f7dd9d07000-7f7dd9d0b000 r--s 00085000 08:06 1972163                    /usr/lib/jvm/java-7-openjdk-amd64/jre/lib/ext/localedata.jar
7f7dd9d0b000-7f7dd9d0d000 r--s 00006000 08:06 2365077                    /usr/share/java/java-atk-wrapper.jar
7f7dd9d0d000-7f7dd9d0e000 r--s 00002000 08:06 1972168                    /usr/lib/jvm/java-7-openjdk-amd64/jre/lib/ext/dnsns.jar
7f7dd9d0e000-7f7dd9d10000 r--s 00012000 08:06 1972161                    /usr/lib/jvm/java-7-openjdk-amd64/jre/lib/ext/zipfs.jar
7f7dd9d10000-7f7dd9d13000 r--s 0000f000 08:06 1972159                    /usr/lib/jvm/java-7-openjdk-amd64/jre/lib/ext/icedtea-sound.jar
7f7dd9d13000-7f7dd9d17000 r--s 00034000 08:06 1972164                    /usr/lib/jvm/java-7-openjdk-amd64/jre/lib/ext/sunjce_provider.jar
7f7dd9d17000-7f7dd9d21000 rw-p 00000000 00:00 0 
7f7dd9d21000-7f7dd9dd7000 rw-p 00000000 00:00 0 
7f7dd9dd7000-7f7dd9dda000 ---p 00000000 00:00 0 
7f7dd9dda000-7f7dd9ef5000 rw-p 00000000 00:00 0                          [stack:8269]
7f7dd9ef5000-7f7dd9efd000 rw-s 00000000 08:06 1180962                    /tmp/hsperfdata_saumya/8237
7f7dd9efd000-7f7dd9efe000 rw-p 00000000 00:00 0 
7f7dd9efe000-7f7dd9eff000 ---p 00000000 00:00 0 
7f7dd9eff000-7f7dd9f01000 rw-p 00000000 00:00 0 
7f7dd9f01000-7f7dd9f02000 r--p 00022000 08:06 3015725                    /lib/x86_64-linux-gnu/ld-2.19.so
7f7dd9f02000-7f7dd9f03000 rw-p 00023000 08:06 3015725                    /lib/x86_64-linux-gnu/ld-2.19.so
7f7dd9f03000-7f7dd9f04000 rw-p 00000000 00:00 0 
7ffff233b000-7ffff235c000 rw-p 00000000 00:00 0                          [stack]
7ffff23dc000-7ffff23de000 r-xp 00000000 00:00 0                          [vdso]
ffffffffff600000-ffffffffff601000 r-xp 00000000 00:00 0                  [vsyscall]

VM Arguments:
jvm_args: -Xmx1024M 
java_command: /home/saumya/myAndroid/sdk/build-tools/21.1.2/lib/dx.jar --dex --output /home/saumya/AndroidStudioProjects/CouponDuniaApp/app/build/intermediates/pre-dexed/debug/classes-6b78088a266846210b6b685c1440c754675b6f40.jar /home/saumya/AndroidStudioProjects/CouponDuniaApp/app/build/intermediates/exploded-aar/com.android.support/support-v4/21.0.3/classes.jar
Launcher Type: SUN_STANDARD

Environment Variables:
CLASSPATH=/opt/android-studio/bin/../lib/bootstrap.jar:/opt/android-studio/bin/../lib/extensions.jar:/opt/android-studio/bin/../lib/util.jar:/opt/android-studio/bin/../lib/jdom.jar:/opt/android-studio/bin/../lib/log4j.jar:/opt/android-studio/bin/../lib/trove4j.jar:/opt/android-studio/bin/../lib/jna.jar:/usr/lib/jvm/java-7-openjdk-amd64/lib/tools.jar
PATH=/usr/local/sbin:/usr/local/bin:/usr/sbin:/usr/bin:/sbin:/bin:/usr/games:/usr/local/games
LD_LIBRARY_PATH=/opt/android-studio/bin:
SHELL=/usr/bin/fish
DISPLAY=:0

Signal Handlers:
SIGSEGV: [libjvm.so+0x9495e0], sa_mask[0]=0x7ffbfeff, sa_flags=0x10000004
SIGBUS: [libjvm.so+0x9495e0], sa_mask[0]=0x7ffbfeff, sa_flags=0x10000004
SIGFPE: [libjvm.so+0x7c3410], sa_mask[0]=0x7ffbfeff, sa_flags=0x10000004
SIGPIPE: [libjvm.so+0x7c3410], sa_mask[0]=0x7ffbfeff, sa_flags=0x10000004
SIGXFSZ: [libjvm.so+0x7c3410], sa_mask[0]=0x7ffbfeff, sa_flags=0x10000004
SIGILL: [libjvm.so+0x7c3410], sa_mask[0]=0x7ffbfeff, sa_flags=0x10000004
SIGUSR1: SIG_DFL, sa_mask[0]=0x00000000, sa_flags=0x00000000
SIGUSR2: [libjvm.so+0x7c32b0], sa_mask[0]=0x00000004, sa_flags=0x10000004
SIGHUP: [libjvm.so+0x7c3490], sa_mask[0]=0x7ffbfeff, sa_flags=0x10000004
SIGINT: [libjvm.so+0x7c3490], sa_mask[0]=0x7ffbfeff, sa_flags=0x10000004
SIGTERM: [libjvm.so+0x7c3490], sa_mask[0]=0x7ffbfeff, sa_flags=0x10000004
SIGQUIT: [libjvm.so+0x7c3490], sa_mask[0]=0x7ffbfeff, sa_flags=0x10000004
SIGTRAP: SIG_DFL, sa_mask[0]=0x00000000, sa_flags=0x00000000


---------------  S Y S T E M  ---------------

OS:Ubuntu 14.04 (trusty)
uname:Linux 3.13.0-40-generic #69-Ubuntu SMP Thu Nov 13 17:53:56 UTC 2014 x86_64
libc:glibc 2.19 NPTL 2.19 
rlimit: STACK 8192k, CORE 0k, NPROC 30674, NOFILE 4096, AS infinity
load average:3.80 1.20 0.82

/proc/meminfo:
MemTotal:        3948008 kB
MemFree:           88272 kB
Buffers:             400 kB
Cached:           346576 kB
SwapCached:            0 kB
Active:          3347288 kB
Inactive:         331560 kB
Active(anon):    3335228 kB
Inactive(anon):   319784 kB
Active(file):      12060 kB
Inactive(file):    11776 kB
Unevictable:          32 kB
Mlocked:              32 kB
SwapTotal:             0 kB
SwapFree:              0 kB
Dirty:              6756 kB
Writeback:             0 kB
AnonPages:       3332520 kB
Mapped:           117964 kB
Shmem:            322560 kB
Slab:              70960 kB
SReclaimable:      35456 kB
SUnreclaim:        35504 kB
KernelStack:        5648 kB
PageTables:        43240 kB
NFS_Unstable:          0 kB
Bounce:                0 kB
WritebackTmp:          0 kB
CommitLimit:     1974004 kB
Committed_AS:    7950884 kB
VmallocTotal:   34359738367 kB
VmallocUsed:      544540 kB
VmallocChunk:   34359185372 kB
HardwareCorrupted:     0 kB
AnonHugePages:   1703936 kB
HugePages_Total:       0
HugePages_Free:        0
HugePages_Rsvd:        0
HugePages_Surp:        0
Hugepagesize:       2048 kB
DirectMap4k:       84732 kB
DirectMap2M:     4009984 kB


CPU:total 4 (2 cores per cpu, 2 threads per core) family 6 model 58 stepping 9, cmov, cx8, fxsr, mmx, sse, sse2, sse3, ssse3, sse4.1, sse4.2, popcnt, avx, aes, erms, ht, tsc, tscinvbit, tscinv

/proc/cpuinfo:
processor	: 0
vendor_id	: GenuineIntel
cpu family	: 6
model		: 58
model name	: Intel(R) Core(TM) i5-3210M CPU @ 2.50GHz
stepping	: 9
microcode	: 0x12
cpu MHz		: 2501.000
cache size	: 3072 KB
physical id	: 0
siblings	: 4
core id		: 0
cpu cores	: 2
apicid		: 0
initial apicid	: 0
fpu		: yes
fpu_exception	: yes
cpuid level	: 13
wp		: yes
flags		: fpu vme de pse tsc msr pae mce cx8 apic sep mtrr pge mca cmov pat pse36 clflush dts acpi mmx fxsr sse sse2 ss ht tm pbe syscall nx rdtscp lm constant_tsc arch_perfmon pebs bts rep_good nopl xtopology nonstop_tsc aperfmperf eagerfpu pni pclmulqdq dtes64 monitor ds_cpl vmx est tm2 ssse3 cx16 xtpr pdcm pcid sse4_1 sse4_2 x2apic popcnt tsc_deadline_timer aes xsave avx f16c rdrand lahf_lm ida arat epb xsaveopt pln pts dtherm tpr_shadow vnmi flexpriority ept vpid fsgsbase smep erms
bogomips	: 4988.72
clflush size	: 64
cache_alignment	: 64
address sizes	: 36 bits physical, 48 bits virtual
power management:

processor	: 1
vendor_id	: GenuineIntel
cpu family	: 6
model		: 58
model name	: Intel(R) Core(TM) i5-3210M CPU @ 2.50GHz
stepping	: 9
microcode	: 0x12
cpu MHz		: 2501.000
cache size	: 3072 KB
physical id	: 0
siblings	: 4
core id		: 0
cpu cores	: 2
apicid		: 1
initial apicid	: 1
fpu		: yes
fpu_exception	: yes
cpuid level	: 13
wp		: yes
flags		: fpu vme de pse tsc msr pae mce cx8 apic sep mtrr pge mca cmov pat pse36 clflush dts acpi mmx fxsr sse sse2 ss ht tm pbe syscall nx rdtscp lm constant_tsc arch_perfmon pebs bts rep_good nopl xtopology nonstop_tsc aperfmperf eagerfpu pni pclmulqdq dtes64 monitor ds_cpl vmx est tm2 ssse3 cx16 xtpr pdcm pcid sse4_1 sse4_2 x2apic popcnt tsc_deadline_timer aes xsave avx f16c rdrand lahf_lm ida arat epb xsaveopt pln pts dtherm tpr_shadow vnmi flexpriority ept vpid fsgsbase smep erms
bogomips	: 4988.72
clflush size	: 64
cache_alignment	: 64
address sizes	: 36 bits physical, 48 bits virtual
power management:

processor	: 2
vendor_id	: GenuineIntel
cpu family	: 6
model		: 58
model name	: Intel(R) Core(TM) i5-3210M CPU @ 2.50GHz
stepping	: 9
microcode	: 0x12
cpu MHz		: 2501.000
cache size	: 3072 KB
physical id	: 0
siblings	: 4
core id		: 1
cpu cores	: 2
apicid		: 2
initial apicid	: 2
fpu		: yes
fpu_exception	: yes
cpuid level	: 13
wp		: yes
flags		: fpu vme de pse tsc msr pae mce cx8 apic sep mtrr pge mca cmov pat pse36 clflush dts acpi mmx fxsr sse sse2 ss ht tm pbe syscall nx rdtscp lm constant_tsc arch_perfmon pebs bts rep_good nopl xtopology nonstop_tsc aperfmperf eagerfpu pni pclmulqdq dtes64 monitor ds_cpl vmx est tm2 ssse3 cx16 xtpr pdcm pcid sse4_1 sse4_2 x2apic popcnt tsc_deadline_timer aes xsave avx f16c rdrand lahf_lm ida arat epb xsaveopt pln pts dtherm tpr_shadow vnmi flexpriority ept vpid fsgsbase smep erms
bogomips	: 4988.72
clflush size	: 64
cache_alignment	: 64
address sizes	: 36 bits physical, 48 bits virtual
power management:

processor	: 3
vendor_id	: GenuineIntel
cpu family	: 6
model		: 58
model name	: Intel(R) Core(TM) i5-3210M CPU @ 2.50GHz
stepping	: 9
microcode	: 0x12
cpu MHz		: 2501.000
cache size	: 3072 KB
physical id	: 0
siblings	: 4
core id		: 1
cpu cores	: 2
apicid		: 3
initial apicid	: 3
fpu		: yes
fpu_exception	: yes
cpuid level	: 13
wp		: yes
flags		: fpu vme de pse tsc msr pae mce cx8 apic sep mtrr pge mca cmov pat pse36 clflush dts acpi mmx fxsr sse sse2 ss ht tm pbe syscall nx rdtscp lm constant_tsc arch_perfmon pebs bts rep_good nopl xtopology nonstop_tsc aperfmperf eagerfpu pni pclmulqdq dtes64 monitor ds_cpl vmx est tm2 ssse3 cx16 xtpr pdcm pcid sse4_1 sse4_2 x2apic popcnt tsc_deadline_timer aes xsave avx f16c rdrand lahf_lm ida arat epb xsaveopt pln pts dtherm tpr_shadow vnmi flexpriority ept vpid fsgsbase smep erms
bogomips	: 4988.72
clflush size	: 64
cache_alignment	: 64
address sizes	: 36 bits physical, 48 bits virtual
power management:



Memory: 4k page, physical 3948008k(88272k free), swap 0k(0k free)

vm_info: OpenJDK 64-Bit Server VM (24.65-b04) for linux-amd64 JRE (1.7.0_65-b32), built on Oct 22 2014 04:37:44 by "buildd" with gcc 4.8.2

time: Wed Feb  4 19:58:21 2015
elapsed time: 16 seconds

